========== 06 V4L2 + RGA + RKNN detect ==========
model     : models/yolo11.rknn
device    : /dev/video11
size      : 1280x720
frames    : 30
csv       : output/exp07_o3_performance_governor/profile.csv
snap dir  : output/exp07_o3_performance_governor
snap intv : 999999
driver : rkisp_v6
card   : rkisp_mainpath
bus    : platform:rkisp0-vir0
actual fmt: 1280x720 NV12, image_size=1382400
WARN: VIDIOC_S_PARM failed: Inappropriate ioctl for device
request buffers count: 4
mmap buffer=0 length=1382400 offset=0
mmap buffer=1 length=1382400 offset=1384448
mmap buffer=2 length=1382400 offset=2768896
mmap buffer=3 length=1382400 offset=4153344
model input num: 1, output num: 9
input tensors:
  index=0, name=images, n_dims=4, dims=[1, 640, 640, 3], n_elems=1228800, size=1228800, fmt=NHWC, type=INT8, qnt_type=AFFINE, zp=-128, scale=0.003922
output tensors:
  index=0, name=output, n_dims=4, dims=[1, 64, 80, 80], n_elems=409600, size=409600, fmt=NCHW, type=INT8, qnt_type=AFFINE, zp=-56, scale=0.153800
  index=1, name=sigmoid, n_dims=4, dims=[1, 80, 80, 80], n_elems=512000, size=512000, fmt=NCHW, type=INT8, qnt_type=AFFINE, zp=-128, scale=0.003353
  index=2, name=clamp, n_dims=4, dims=[1, 1, 80, 80], n_elems=6400, size=6400, fmt=NCHW, type=INT8, qnt_type=AFFINE, zp=-128, scale=0.003359
  index=3, name=conv2d_73, n_dims=4, dims=[1, 64, 40, 40], n_elems=102400, size=102400, fmt=NCHW, type=INT8, qnt_type=AFFINE, zp=-36, scale=0.099730
  index=4, name=sigmoid_1, n_dims=4, dims=[1, 80, 40, 40], n_elems=128000, size=128000, fmt=NCHW, type=INT8, qnt_type=AFFINE, zp=-128, scale=0.003559
  index=5, name=clamp_1, n_dims=4, dims=[1, 1, 40, 40], n_elems=1600, size=1600, fmt=NCHW, type=INT8, qnt_type=AFFINE, zp=-128, scale=0.003646
  index=6, name=conv2d_81, n_dims=4, dims=[1, 64, 20, 20], n_elems=25600, size=25600, fmt=NCHW, type=INT8, qnt_type=AFFINE, zp=-25, scale=0.083873
  index=7, name=sigmoid_2, n_dims=4, dims=[1, 80, 20, 20], n_elems=32000, size=32000, fmt=NCHW, type=INT8, qnt_type=AFFINE, zp=-128, scale=0.003694
  index=8, name=clamp_2, n_dims=4, dims=[1, 1, 20, 20], n_elems=400, size=400, fmt=NCHW, type=INT8, qnt_type=AFFINE, zp=-128, scale=0.003839
model is NHWC input fmt
model input height=640, width=640, channel=3
rga_api version 1.9.2_[1]
scale=0.500000 dst_box=(0 140 639 499) allow_slight_change=1 _left_offset=0 _top_offset=140 padding_w=0 padding_h=280
fill dst image (x y w h)=(0 0 640 640) with color=0x72727272
 RgaCollorFill(1752) RGA_COLORFILL fail: Invalid argument
 RgaCollorFill(1753) RGA_COLORFILL fail: Invalid argument
158 im2d_rga_impl rga_task_submit(1943): Failed to call RockChipRga interface, please use 'dmesg' command to view driver error log.
158 im2d_rga_impl rga_dump_channel_info(1418): src_channel: 
  rect[x,y,w,h] = [0, 0, 0, 0]
  image[w,h,ws,hs,f] = [0, 0, 0, 0, rgba8888]
  buffer[handle,fd,va,pa] = [0, 0, 0, 0]
  color_space = 0x0, global_alpha = 0x0, rd_mode = 0x0

158 im2d_rga_impl rga_dump_channel_info(1418): dst_channel: 
  rect[x,y,w,h] = [0, 0, 640, 640]
  image[w,h,ws,hs,f] = [640, 640, 640, 640, rgb888]
  buffer[handle,fd,va,pa] = [1904, 0, 0, 0]
  color_space = 0x0, global_alpha = 0x0, rd_mode = 0x0

158 im2d_rga_impl rga_dump_opt(1468): opt version[0x0]:

158 im2d_rga_impl rga_dump_opt(1469): set_core[0x0], priority[0]

158 im2d_rga_impl rga_dump_opt(1472): color[0x72727272] 
158 im2d_rga_impl rga_dump_opt(1481): 

158 im2d_rga_impl rga_task_submit(1952): acquir_fence[-1], release_fence_ptr[0x0], usage[0x280000]

rknn_run
[PROCESS_I8] h=20 w=20 stride=32 dfl=16 grid=400 sumReject=399 sumPass=1 classScan=1 classOps=80 scoreHit=1 dfl=1 valid=1 threshold=0.250
[POST_BRANCH] h=20 w=20 spatial=400 stride=32 dfl=16 decode=0.046 validAdd=1 validTotal=1
[PROCESS_I8] h=40 w=40 stride=16 dfl=16 grid=1600 sumReject=0 sumPass=1600 classScan=1600 classOps=128000 scoreHit=0 dfl=0 valid=0 threshold=0.250
[POST_BRANCH] h=40 w=40 spatial=1600 stride=16 dfl=16 decode=0.580 validAdd=0 validTotal=1
[PROCESS_I8] h=80 w=80 stride=8 dfl=16 grid=6400 sumReject=0 sumPass=6400 classScan=6400 classOps=512000 scoreHit=0 dfl=0 valid=0 threshold=0.250
[POST_BRANCH] h=80 w=80 spatial=6400 stride=8 dfl=16 decode=3.248 validAdd=0 validTotal=1
[POST_PROFILE] decode=3.875 sort=0.001 nms=0.006 pack=0.001 total=3.912 validCount=1 resultCount=1
[YOLO11_PROFILE] preprocess=5.516 inputs_set=6.153 rknn_run=19.502 outputs_get=1.896 postprocess=3.918 outputs_release=0.007 total=37.016
frame=0 airplane @ (600 256 1276 710) 0.270
write_image path: output/exp07_o3_performance_governor/frame_000000.jpg width=1280 height=720 channel=3 data=0x7faf162010
snapshot saved: output/exp07_o3_performance_governor/frame_000000.jpg
scale=0.500000 dst_box=(0 140 639 499) allow_slight_change=1 _left_offset=0 _top_offset=140 padding_w=0 padding_h=280
fill dst image (x y w h)=(0 0 640 640) with color=0x72727272
 RgaCollorFill(1752) RGA_COLORFILL fail: Invalid argument
 RgaCollorFill(1753) RGA_COLORFILL fail: Invalid argument
222 im2d_rga_impl rga_task_submit(1943): Failed to call RockChipRga interface, please use 'dmesg' command to view driver error log.
222 im2d_rga_impl rga_dump_channel_info(1418): src_channel: 
  rect[x,y,w,h] = [0, 0, 0, 0]
  image[w,h,ws,hs,f] = [0, 0, 0, 0, rgba8888]
  buffer[handle,fd,va,pa] = [0, 0, 0, 0]
  color_space = 0x0, global_alpha = 0x0, rd_mode = 0x0

222 im2d_rga_impl rga_dump_channel_info(1418): dst_channel: 
  rect[x,y,w,h] = [0, 0, 640, 640]
  image[w,h,ws,hs,f] = [640, 640, 640, 640, rgb888]
  buffer[handle,fd,va,pa] = [1906, 0, 0, 0]
  color_space = 0x0, global_alpha = 0x0, rd_mode = 0x0

222 im2d_rga_impl rga_dump_opt(1468): opt version[0x0]:

222 im2d_rga_impl rga_dump_opt(1469): set_core[0x0], priority[0]

222 im2d_rga_impl rga_dump_opt(1472): color[0x72727272] 
222 im2d_rga_impl rga_dump_opt(1481): 

222 im2d_rga_impl rga_task_submit(1952): acquir_fence[-1], release_fence_ptr[0x0], usage[0x280000]

rknn_run
[PROCESS_I8] h=20 w=20 stride=32 dfl=16 grid=400 sumReject=400 sumPass=0 classScan=0 classOps=0 scoreHit=0 dfl=0 valid=0 threshold=0.250
[POST_BRANCH] h=20 w=20 spatial=400 stride=32 dfl=16 decode=0.022 validAdd=0 validTotal=0
[PROCESS_I8] h=40 w=40 stride=16 dfl=16 grid=1600 sumReject=0 sumPass=1600 classScan=1600 classOps=128000 scoreHit=0 dfl=0 valid=0 threshold=0.250
[POST_BRANCH] h=40 w=40 spatial=1600 stride=16 dfl=16 decode=0.605 validAdd=0 validTotal=0
[PROCESS_I8] h=80 w=80 stride=8 dfl=16 grid=6400 sumReject=0 sumPass=6400 classScan=6400 classOps=512000 scoreHit=0 dfl=0 valid=0 threshold=0.250
[POST_BRANCH] h=80 w=80 spatial=6400 stride=8 dfl=16 decode=3.193 validAdd=0 validTotal=0
[POST_PROFILE] decode=3.820 sort=0.000 nms=0.000 pack=0.000 total=3.835 validCount=0 resultCount=0
[YOLO11_PROFILE] preprocess=5.575 inputs_set=0.356 rknn_run=19.300 outputs_get=1.537 postprocess=3.840 outputs_release=0.005 total=30.619
scale=0.500000 dst_box=(0 140 639 499) allow_slight_change=1 _left_offset=0 _top_offset=140 padding_w=0 padding_h=280
fill dst image (x y w h)=(0 0 640 640) with color=0x72727272
 RgaCollorFill(1752) RGA_COLORFILL fail: Invalid argument
 RgaCollorFill(1753) RGA_COLORFILL fail: Invalid argument
254 im2d_rga_impl rga_task_submit(1943): Failed to call RockChipRga interface, please use 'dmesg' command to view driver error log.
254 im2d_rga_impl rga_dump_channel_info(1418): src_channel: 
  rect[x,y,w,h] = [0, 0, 0, 0]
  image[w,h,ws,hs,f] = [0, 0, 0, 0, rgba8888]
  buffer[handle,fd,va,pa] = [0, 0, 0, 0]
  color_space = 0x0, global_alpha = 0x0, rd_mode = 0x0

254 im2d_rga_impl rga_dump_channel_info(1418): dst_channel: 
  rect[x,y,w,h] = [0, 0, 640, 640]
  image[w,h,ws,hs,f] = [640, 640, 640, 640, rgb888]
  buffer[handle,fd,va,pa] = [1908, 0, 0, 0]
  color_space = 0x0, global_alpha = 0x0, rd_mode = 0x0

254 im2d_rga_impl rga_dump_opt(1468): opt version[0x0]:

254 im2d_rga_impl rga_dump_opt(1469): set_core[0x0], priority[0]

254 im2d_rga_impl rga_dump_opt(1472): color[0x72727272] 
254 im2d_rga_impl rga_dump_opt(1481): 

254 im2d_rga_impl rga_task_submit(1952): acquir_fence[-1], release_fence_ptr[0x0], usage[0x280000]

rknn_run
[PROCESS_I8] h=20 w=20 stride=32 dfl=16 grid=400 sumReject=400 sumPass=0 classScan=0 classOps=0 scoreHit=0 dfl=0 valid=0 threshold=0.250
[POST_BRANCH] h=20 w=20 spatial=400 stride=32 dfl=16 decode=0.289 validAdd=0 validTotal=0
[PROCESS_I8] h=40 w=40 stride=16 dfl=16 grid=1600 sumReject=0 sumPass=1600 classScan=1600 classOps=128000 scoreHit=0 dfl=0 valid=0 threshold=0.250
[POST_BRANCH] h=40 w=40 spatial=1600 stride=16 dfl=16 decode=0.630 validAdd=0 validTotal=0
[PROCESS_I8] h=80 w=80 stride=8 dfl=16 grid=6400 sumReject=0 sumPass=6400 classScan=6400 classOps=512000 scoreHit=0 dfl=0 valid=0 threshold=0.250
[POST_BRANCH] h=80 w=80 spatial=6400 stride=8 dfl=16 decode=3.319 validAdd=0 validTotal=0
[POST_PROFILE] decode=4.238 sort=0.000 nms=0.000 pack=0.000 total=4.252 validCount=0 resultCount=0
[YOLO11_PROFILE] preprocess=3.009 inputs_set=0.201 rknn_run=19.276 outputs_get=1.485 postprocess=4.258 outputs_release=0.006 total=28.238
scale=0.500000 dst_box=(0 140 639 499) allow_slight_change=1 _left_offset=0 _top_offset=140 padding_w=0 padding_h=280
fill dst image (x y w h)=(0 0 640 640) with color=0x72727272
 RgaCollorFill(1752) RGA_COLORFILL fail: Invalid argument
 RgaCollorFill(1753) RGA_COLORFILL fail: Invalid argument
285 im2d_rga_impl rga_task_submit(1943): Failed to call RockChipRga interface, please use 'dmesg' command to view driver error log.
285 im2d_rga_impl rga_dump_channel_info(1418): src_channel: 
  rect[x,y,w,h] = [0, 0, 0, 0]
  image[w,h,ws,hs,f] = [0, 0, 0, 0, rgba8888]
  buffer[handle,fd,va,pa] = [0, 0, 0, 0]
  color_space = 0x0, global_alpha = 0x0, rd_mode = 0x0

285 im2d_rga_impl rga_dump_channel_info(1418): dst_channel: 
  rect[x,y,w,h] = [0, 0, 640, 640]
  image[w,h,ws,hs,f] = [640, 640, 640, 640, rgb888]
  buffer[handle,fd,va,pa] = [1910, 0, 0, 0]
  color_space = 0x0, global_alpha = 0x0, rd_mode = 0x0

285 im2d_rga_impl rga_dump_opt(1468): opt version[0x0]:

285 im2d_rga_impl rga_dump_opt(1469): set_core[0x0], priority[0]

285 im2d_rga_impl rga_dump_opt(1472): color[0x72727272] 
285 im2d_rga_impl rga_dump_opt(1481): 

285 im2d_rga_impl rga_task_submit(1952): acquir_fence[-1], release_fence_ptr[0x0], usage[0x280000]

rknn_run
[PROCESS_I8] h=20 w=20 stride=32 dfl=16 grid=400 sumReject=400 sumPass=0 classScan=0 classOps=0 scoreHit=0 dfl=0 valid=0 threshold=0.250
[POST_BRANCH] h=20 w=20 spatial=400 stride=32 dfl=16 decode=0.020 validAdd=0 validTotal=0
[PROCESS_I8] h=40 w=40 stride=16 dfl=16 grid=1600 sumReject=0 sumPass=1600 classScan=1600 classOps=128000 scoreHit=0 dfl=0 valid=0 threshold=0.250
[POST_BRANCH] h=40 w=40 spatial=1600 stride=16 dfl=16 decode=0.602 validAdd=0 validTotal=0
[PROCESS_I8] h=80 w=80 stride=8 dfl=16 grid=6400 sumReject=0 sumPass=6400 classScan=6400 classOps=512000 scoreHit=0 dfl=0 valid=0 threshold=0.250
[POST_BRANCH] h=80 w=80 spatial=6400 stride=8 dfl=16 decode=3.417 validAdd=0 validTotal=0
[POST_PROFILE] decode=4.038 sort=0.000 nms=0.000 pack=0.000 total=4.052 validCount=0 resultCount=0
[YOLO11_PROFILE] preprocess=3.037 inputs_set=0.193 rknn_run=18.970 outputs_get=1.529 postprocess=4.057 outputs_release=0.005 total=27.793
scale=0.500000 dst_box=(0 140 639 499) allow_slight_change=1 _left_offset=0 _top_offset=140 padding_w=0 padding_h=280
fill dst image (x y w h)=(0 0 640 640) with color=0x72727272
 RgaCollorFill(1752) RGA_COLORFILL fail: Invalid argument
 RgaCollorFill(1753) RGA_COLORFILL fail: Invalid argument
316 im2d_rga_impl rga_task_submit(1943): Failed to call RockChipRga interface, please use 'dmesg' command to view driver error log.
316 im2d_rga_impl rga_dump_channel_info(1418): src_channel: 
  rect[x,y,w,h] = [0, 0, 0, 0]
  image[w,h,ws,hs,f] = [0, 0, 0, 0, rgba8888]
  buffer[handle,fd,va,pa] = [0, 0, 0, 0]
  color_space = 0x0, global_alpha = 0x0, rd_mode = 0x0

316 im2d_rga_impl rga_dump_channel_info(1418): dst_channel: 
  rect[x,y,w,h] = [0, 0, 640, 640]
  image[w,h,ws,hs,f] = [640, 640, 640, 640, rgb888]
  buffer[handle,fd,va,pa] = [1912, 0, 0, 0]
  color_space = 0x0, global_alpha = 0x0, rd_mode = 0x0

316 im2d_rga_impl rga_dump_opt(1468): opt version[0x0]:

316 im2d_rga_impl rga_dump_opt(1469): set_core[0x0], priority[0]

316 im2d_rga_impl rga_dump_opt(1472): color[0x72727272] 
317 im2d_rga_impl rga_dump_opt(1481): 

317 im2d_rga_impl rga_task_submit(1952): acquir_fence[-1], release_fence_ptr[0x0], usage[0x280000]

rknn_run
[PROCESS_I8] h=20 w=20 stride=32 dfl=16 grid=400 sumReject=400 sumPass=0 classScan=0 classOps=0 scoreHit=0 dfl=0 valid=0 threshold=0.250
[POST_BRANCH] h=20 w=20 spatial=400 stride=32 dfl=16 decode=0.022 validAdd=0 validTotal=0
[PROCESS_I8] h=40 w=40 stride=16 dfl=16 grid=1600 sumReject=0 sumPass=1600 classScan=1600 classOps=128000 scoreHit=0 dfl=0 valid=0 threshold=0.250
[POST_BRANCH] h=40 w=40 spatial=1600 stride=16 dfl=16 decode=0.763 validAdd=0 validTotal=0
[PROCESS_I8] h=80 w=80 stride=8 dfl=16 grid=6400 sumReject=0 sumPass=6400 classScan=6400 classOps=512000 scoreHit=0 dfl=0 valid=0 threshold=0.250
[POST_BRANCH] h=80 w=80 spatial=6400 stride=8 dfl=16 decode=3.735 validAdd=0 validTotal=0
[POST_PROFILE] decode=4.521 sort=0.000 nms=0.000 pack=0.000 total=4.537 validCount=0 resultCount=0
[YOLO11_PROFILE] preprocess=4.423 inputs_set=0.204 rknn_run=18.565 outputs_get=1.833 postprocess=4.542 outputs_release=0.006 total=29.578
scale=0.500000 dst_box=(0 140 639 499) allow_slight_change=1 _left_offset=0 _top_offset=140 padding_w=0 padding_h=280
fill dst image (x y w h)=(0 0 640 640) with color=0x72727272
 RgaCollorFill(1752) RGA_COLORFILL fail: Invalid argument
 RgaCollorFill(1753) RGA_COLORFILL fail: Invalid argument
347 im2d_rga_impl rga_task_submit(1943): Failed to call RockChipRga interface, please use 'dmesg' command to view driver error log.
347 im2d_rga_impl rga_dump_channel_info(1418): src_channel: 
  rect[x,y,w,h] = [0, 0, 0, 0]
  image[w,h,ws,hs,f] = [0, 0, 0, 0, rgba8888]
  buffer[handle,fd,va,pa] = [0, 0, 0, 0]
  color_space = 0x0, global_alpha = 0x0, rd_mode = 0x0

347 im2d_rga_impl rga_dump_channel_info(1418): dst_channel: 
  rect[x,y,w,h] = [0, 0, 640, 640]
  image[w,h,ws,hs,f] = [640, 640, 640, 640, rgb888]
  buffer[handle,fd,va,pa] = [1914, 0, 0, 0]
  color_space = 0x0, global_alpha = 0x0, rd_mode = 0x0

347 im2d_rga_impl rga_dump_opt(1468): opt version[0x0]:

347 im2d_rga_impl rga_dump_opt(1469): set_core[0x0], priority[0]

347 im2d_rga_impl rga_dump_opt(1472): color[0x72727272] 
347 im2d_rga_impl rga_dump_opt(1481): 

347 im2d_rga_impl rga_task_submit(1952): acquir_fence[-1], release_fence_ptr[0x0], usage[0x280000]

rknn_run
[PROCESS_I8] h=20 w=20 stride=32 dfl=16 grid=400 sumReject=400 sumPass=0 classScan=0 classOps=0 scoreHit=0 dfl=0 valid=0 threshold=0.250
[POST_BRANCH] h=20 w=20 spatial=400 stride=32 dfl=16 decode=0.020 validAdd=0 validTotal=0
[PROCESS_I8] h=40 w=40 stride=16 dfl=16 grid=1600 sumReject=0 sumPass=1600 classScan=1600 classOps=128000 scoreHit=0 dfl=0 valid=0 threshold=0.250
[POST_BRANCH] h=40 w=40 spatial=1600 stride=16 dfl=16 decode=0.714 validAdd=0 validTotal=0
[PROCESS_I8] h=80 w=80 stride=8 dfl=16 grid=6400 sumReject=0 sumPass=6400 classScan=6400 classOps=512000 scoreHit=0 dfl=0 valid=0 threshold=0.250
[POST_BRANCH] h=80 w=80 spatial=6400 stride=8 dfl=16 decode=3.566 validAdd=0 validTotal=0
[POST_PROFILE] decode=4.299 sort=0.000 nms=0.000 pack=0.000 total=4.315 validCount=0 resultCount=0
[YOLO11_PROFILE] preprocess=2.997 inputs_set=0.209 rknn_run=19.156 outputs_get=1.515 postprocess=4.321 outputs_release=0.005 total=28.205
scale=0.500000 dst_box=(0 140 639 499) allow_slight_change=1 _left_offset=0 _top_offset=140 padding_w=0 padding_h=280
fill dst image (x y w h)=(0 0 640 640) with color=0x72727272
 RgaCollorFill(1752) RGA_COLORFILL fail: Invalid argument
 RgaCollorFill(1753) RGA_COLORFILL fail: Invalid argument
378 im2d_rga_impl rga_task_submit(1943): Failed to call RockChipRga interface, please use 'dmesg' command to view driver error log.
378 im2d_rga_impl rga_dump_channel_info(1418): src_channel: 
  rect[x,y,w,h] = [0, 0, 0, 0]
  image[w,h,ws,hs,f] = [0, 0, 0, 0, rgba8888]
  buffer[handle,fd,va,pa] = [0, 0, 0, 0]
  color_space = 0x0, global_alpha = 0x0, rd_mode = 0x0

378 im2d_rga_impl rga_dump_channel_info(1418): dst_channel: 
  rect[x,y,w,h] = [0, 0, 640, 640]
  image[w,h,ws,hs,f] = [640, 640, 640, 640, rgb888]
  buffer[handle,fd,va,pa] = [1916, 0, 0, 0]
  color_space = 0x0, global_alpha = 0x0, rd_mode = 0x0

378 im2d_rga_impl rga_dump_opt(1468): opt version[0x0]:

378 im2d_rga_impl rga_dump_opt(1469): set_core[0x0], priority[0]

378 im2d_rga_impl rga_dump_opt(1472): color[0x72727272] 
378 im2d_rga_impl rga_dump_opt(1481): 

378 im2d_rga_impl rga_task_submit(1952): acquir_fence[-1], release_fence_ptr[0x0], usage[0x280000]

rknn_run
[PROCESS_I8] h=20 w=20 stride=32 dfl=16 grid=400 sumReject=400 sumPass=0 classScan=0 classOps=0 scoreHit=0 dfl=0 valid=0 threshold=0.250
[POST_BRANCH] h=20 w=20 spatial=400 stride=32 dfl=16 decode=0.022 validAdd=0 validTotal=0
[PROCESS_I8] h=40 w=40 stride=16 dfl=16 grid=1600 sumReject=0 sumPass=1600 classScan=1600 classOps=128000 scoreHit=0 dfl=0 valid=0 threshold=0.250
[POST_BRANCH] h=40 w=40 spatial=1600 stride=16 dfl=16 decode=0.591 validAdd=0 validTotal=0
[PROCESS_I8] h=80 w=80 stride=8 dfl=16 grid=6400 sumReject=0 sumPass=6400 classScan=6400 classOps=512000 scoreHit=0 dfl=0 valid=0 threshold=0.250
[POST_BRANCH] h=80 w=80 spatial=6400 stride=8 dfl=16 decode=3.321 validAdd=0 validTotal=0
[POST_PROFILE] decode=3.934 sort=0.000 nms=0.000 pack=0.000 total=3.949 validCount=0 resultCount=0
[YOLO11_PROFILE] preprocess=3.171 inputs_set=0.182 rknn_run=19.108 outputs_get=1.686 postprocess=3.954 outputs_release=0.005 total=28.110
scale=0.500000 dst_box=(0 140 639 499) allow_slight_change=1 _left_offset=0 _top_offset=140 padding_w=0 padding_h=280
fill dst image (x y w h)=(0 0 640 640) with color=0x72727272
 RgaCollorFill(1752) RGA_COLORFILL fail: Invalid argument
 RgaCollorFill(1753) RGA_COLORFILL fail: Invalid argument
410 im2d_rga_impl rga_task_submit(1943): Failed to call RockChipRga interface, please use 'dmesg' command to view driver error log.
410 im2d_rga_impl rga_dump_channel_info(1418): src_channel: 
  rect[x,y,w,h] = [0, 0, 0, 0]
  image[w,h,ws,hs,f] = [0, 0, 0, 0, rgba8888]
  buffer[handle,fd,va,pa] = [0, 0, 0, 0]
  color_space = 0x0, global_alpha = 0x0, rd_mode = 0x0

410 im2d_rga_impl rga_dump_channel_info(1418): dst_channel: 
  rect[x,y,w,h] = [0, 0, 640, 640]
  image[w,h,ws,hs,f] = [640, 640, 640, 640, rgb888]
  buffer[handle,fd,va,pa] = [1918, 0, 0, 0]
  color_space = 0x0, global_alpha = 0x0, rd_mode = 0x0

410 im2d_rga_impl rga_dump_opt(1468): opt version[0x0]:

410 im2d_rga_impl rga_dump_opt(1469): set_core[0x0], priority[0]

410 im2d_rga_impl rga_dump_opt(1472): color[0x72727272] 
410 im2d_rga_impl rga_dump_opt(1481): 

410 im2d_rga_impl rga_task_submit(1952): acquir_fence[-1], release_fence_ptr[0x0], usage[0x280000]

rknn_run
[PROCESS_I8] h=20 w=20 stride=32 dfl=16 grid=400 sumReject=400 sumPass=0 classScan=0 classOps=0 scoreHit=0 dfl=0 valid=0 threshold=0.250
[POST_BRANCH] h=20 w=20 spatial=400 stride=32 dfl=16 decode=0.016 validAdd=0 validTotal=0
[PROCESS_I8] h=40 w=40 stride=16 dfl=16 grid=1600 sumReject=0 sumPass=1600 classScan=1600 classOps=128000 scoreHit=0 dfl=0 valid=0 threshold=0.250
[POST_BRANCH] h=40 w=40 spatial=1600 stride=16 dfl=16 decode=0.582 validAdd=0 validTotal=0
[PROCESS_I8] h=80 w=80 stride=8 dfl=16 grid=6400 sumReject=0 sumPass=6400 classScan=6400 classOps=512000 scoreHit=0 dfl=0 valid=0 threshold=0.250
[POST_BRANCH] h=80 w=80 spatial=6400 stride=8 dfl=16 decode=3.098 validAdd=0 validTotal=0
[POST_PROFILE] decode=3.695 sort=0.000 nms=0.000 pack=0.000 total=3.710 validCount=0 resultCount=0
[YOLO11_PROFILE] preprocess=4.150 inputs_set=0.189 rknn_run=19.056 outputs_get=1.477 postprocess=3.715 outputs_release=0.004 total=28.596
scale=0.500000 dst_box=(0 140 639 499) allow_slight_change=1 _left_offset=0 _top_offset=140 padding_w=0 padding_h=280
fill dst image (x y w h)=(0 0 640 640) with color=0x72727272
 RgaCollorFill(1752) RGA_COLORFILL fail: Invalid argument
 RgaCollorFill(1753) RGA_COLORFILL fail: Invalid argument
440 im2d_rga_impl rga_task_submit(1943): Failed to call RockChipRga interface, please use 'dmesg' command to view driver error log.
440 im2d_rga_impl rga_dump_channel_info(1418): src_channel: 
  rect[x,y,w,h] = [0, 0, 0, 0]
  image[w,h,ws,hs,f] = [0, 0, 0, 0, rgba8888]
  buffer[handle,fd,va,pa] = [0, 0, 0, 0]
  color_space = 0x0, global_alpha = 0x0, rd_mode = 0x0

440 im2d_rga_impl rga_dump_channel_info(1418): dst_channel: 
  rect[x,y,w,h] = [0, 0, 640, 640]
  image[w,h,ws,hs,f] = [640, 640, 640, 640, rgb888]
  buffer[handle,fd,va,pa] = [1920, 0, 0, 0]
  color_space = 0x0, global_alpha = 0x0, rd_mode = 0x0

440 im2d_rga_impl rga_dump_opt(1468): opt version[0x0]:

440 im2d_rga_impl rga_dump_opt(1469): set_core[0x0], priority[0]

440 im2d_rga_impl rga_dump_opt(1472): color[0x72727272] 
440 im2d_rga_impl rga_dump_opt(1481): 

440 im2d_rga_impl rga_task_submit(1952): acquir_fence[-1], release_fence_ptr[0x0], usage[0x280000]

rknn_run
[PROCESS_I8] h=20 w=20 stride=32 dfl=16 grid=400 sumReject=400 sumPass=0 classScan=0 classOps=0 scoreHit=0 dfl=0 valid=0 threshold=0.250
[POST_BRANCH] h=20 w=20 spatial=400 stride=32 dfl=16 decode=0.021 validAdd=0 validTotal=0
[PROCESS_I8] h=40 w=40 stride=16 dfl=16 grid=1600 sumReject=0 sumPass=1600 classScan=1600 classOps=128000 scoreHit=0 dfl=0 valid=0 threshold=0.250
[POST_BRANCH] h=40 w=40 spatial=1600 stride=16 dfl=16 decode=0.583 validAdd=0 validTotal=0
[PROCESS_I8] h=80 w=80 stride=8 dfl=16 grid=6400 sumReject=0 sumPass=6400 classScan=6400 classOps=512000 scoreHit=0 dfl=0 valid=0 threshold=0.250
[POST_BRANCH] h=80 w=80 spatial=6400 stride=8 dfl=16 decode=3.150 validAdd=0 validTotal=0
[POST_PROFILE] decode=3.754 sort=0.000 nms=0.000 pack=0.000 total=3.769 validCount=0 resultCount=0
[YOLO11_PROFILE] preprocess=3.148 inputs_set=0.206 rknn_run=19.173 outputs_get=1.498 postprocess=3.774 outputs_release=0.005 total=27.807
scale=0.500000 dst_box=(0 140 639 499) allow_slight_change=1 _left_offset=0 _top_offset=140 padding_w=0 padding_h=280
fill dst image (x y w h)=(0 0 640 640) with color=0x72727272
 RgaCollorFill(1752) RGA_COLORFILL fail: Invalid argument
 RgaCollorFill(1753) RGA_COLORFILL fail: Invalid argument
470 im2d_rga_impl rga_task_submit(1943): Failed to call RockChipRga interface, please use 'dmesg' command to view driver error log.
470 im2d_rga_impl rga_dump_channel_info(1418): src_channel: 
  rect[x,y,w,h] = [0, 0, 0, 0]
  image[w,h,ws,hs,f] = [0, 0, 0, 0, rgba8888]
  buffer[handle,fd,va,pa] = [0, 0, 0, 0]
  color_space = 0x0, global_alpha = 0x0, rd_mode = 0x0

470 im2d_rga_impl rga_dump_channel_info(1418): dst_channel: 
  rect[x,y,w,h] = [0, 0, 640, 640]
  image[w,h,ws,hs,f] = [640, 640, 640, 640, rgb888]
  buffer[handle,fd,va,pa] = [1922, 0, 0, 0]
  color_space = 0x0, global_alpha = 0x0, rd_mode = 0x0

470 im2d_rga_impl rga_dump_opt(1468): opt version[0x0]:

470 im2d_rga_impl rga_dump_opt(1469): set_core[0x0], priority[0]

470 im2d_rga_impl rga_dump_opt(1472): color[0x72727272] 
470 im2d_rga_impl rga_dump_opt(1481): 

470 im2d_rga_impl rga_task_submit(1952): acquir_fence[-1], release_fence_ptr[0x0], usage[0x280000]

rknn_run
[PROCESS_I8] h=20 w=20 stride=32 dfl=16 grid=400 sumReject=400 sumPass=0 classScan=0 classOps=0 scoreHit=0 dfl=0 valid=0 threshold=0.250
[POST_BRANCH] h=20 w=20 spatial=400 stride=32 dfl=16 decode=0.019 validAdd=0 validTotal=0
[PROCESS_I8] h=40 w=40 stride=16 dfl=16 grid=1600 sumReject=0 sumPass=1600 classScan=1600 classOps=128000 scoreHit=0 dfl=0 valid=0 threshold=0.250
[POST_BRANCH] h=40 w=40 spatial=1600 stride=16 dfl=16 decode=0.591 validAdd=0 validTotal=0
[PROCESS_I8] h=80 w=80 stride=8 dfl=16 grid=6400 sumReject=0 sumPass=6400 classScan=6400 classOps=512000 scoreHit=0 dfl=0 valid=0 threshold=0.250
[POST_BRANCH] h=80 w=80 spatial=6400 stride=8 dfl=16 decode=3.202 validAdd=0 validTotal=0
[POST_PROFILE] decode=3.812 sort=0.000 nms=0.000 pack=0.000 total=3.826 validCount=0 resultCount=0
[YOLO11_PROFILE] preprocess=3.034 inputs_set=0.176 rknn_run=20.657 outputs_get=1.526 postprocess=3.831 outputs_release=0.005 total=29.231
scale=0.500000 dst_box=(0 140 639 499) allow_slight_change=1 _left_offset=0 _top_offset=140 padding_w=0 padding_h=280
fill dst image (x y w h)=(0 0 640 640) with color=0x72727272
 RgaCollorFill(1752) RGA_COLORFILL fail: Invalid argument
 RgaCollorFill(1753) RGA_COLORFILL fail: Invalid argument
502 im2d_rga_impl rga_task_submit(1943): Failed to call RockChipRga interface, please use 'dmesg' command to view driver error log.
502 im2d_rga_impl rga_dump_channel_info(1418): src_channel: 
  rect[x,y,w,h] = [0, 0, 0, 0]
  image[w,h,ws,hs,f] = [0, 0, 0, 0, rgba8888]
  buffer[handle,fd,va,pa] = [0, 0, 0, 0]
  color_space = 0x0, global_alpha = 0x0, rd_mode = 0x0

502 im2d_rga_impl rga_dump_channel_info(1418): dst_channel: 
  rect[x,y,w,h] = [0, 0, 640, 640]
  image[w,h,ws,hs,f] = [640, 640, 640, 640, rgb888]
  buffer[handle,fd,va,pa] = [1924, 0, 0, 0]
  color_space = 0x0, global_alpha = 0x0, rd_mode = 0x0

502 im2d_rga_impl rga_dump_opt(1468): opt version[0x0]:

502 im2d_rga_impl rga_dump_opt(1469): set_core[0x0], priority[0]

502 im2d_rga_impl rga_dump_opt(1472): color[0x72727272] 
502 im2d_rga_impl rga_dump_opt(1481): 

502 im2d_rga_impl rga_task_submit(1952): acquir_fence[-1], release_fence_ptr[0x0], usage[0x280000]

rknn_run
[PROCESS_I8] h=20 w=20 stride=32 dfl=16 grid=400 sumReject=400 sumPass=0 classScan=0 classOps=0 scoreHit=0 dfl=0 valid=0 threshold=0.250
[POST_BRANCH] h=20 w=20 spatial=400 stride=32 dfl=16 decode=0.019 validAdd=0 validTotal=0
[PROCESS_I8] h=40 w=40 stride=16 dfl=16 grid=1600 sumReject=0 sumPass=1600 classScan=1600 classOps=128000 scoreHit=0 dfl=0 valid=0 threshold=0.250
[POST_BRANCH] h=40 w=40 spatial=1600 stride=16 dfl=16 decode=0.602 validAdd=0 validTotal=0
[PROCESS_I8] h=80 w=80 stride=8 dfl=16 grid=6400 sumReject=0 sumPass=6400 classScan=6400 classOps=512000 scoreHit=0 dfl=0 valid=0 threshold=0.250
[POST_BRANCH] h=80 w=80 spatial=6400 stride=8 dfl=16 decode=3.235 validAdd=0 validTotal=0
[POST_PROFILE] decode=3.856 sort=0.000 nms=0.000 pack=0.000 total=3.870 validCount=0 resultCount=0
[YOLO11_PROFILE] preprocess=3.117 inputs_set=0.192 rknn_run=19.049 outputs_get=1.484 postprocess=3.875 outputs_release=0.005 total=27.726
scale=0.500000 dst_box=(0 140 639 499) allow_slight_change=1 _left_offset=0 _top_offset=140 padding_w=0 padding_h=280
fill dst image (x y w h)=(0 0 640 640) with color=0x72727272
 RgaCollorFill(1752) RGA_COLORFILL fail: Invalid argument
 RgaCollorFill(1753) RGA_COLORFILL fail: Invalid argument
532 im2d_rga_impl rga_task_submit(1943): Failed to call RockChipRga interface, please use 'dmesg' command to view driver error log.
532 im2d_rga_impl rga_dump_channel_info(1418): src_channel: 
  rect[x,y,w,h] = [0, 0, 0, 0]
  image[w,h,ws,hs,f] = [0, 0, 0, 0, rgba8888]
  buffer[handle,fd,va,pa] = [0, 0, 0, 0]
  color_space = 0x0, global_alpha = 0x0, rd_mode = 0x0

532 im2d_rga_impl rga_dump_channel_info(1418): dst_channel: 
  rect[x,y,w,h] = [0, 0, 640, 640]
  image[w,h,ws,hs,f] = [640, 640, 640, 640, rgb888]
  buffer[handle,fd,va,pa] = [1926, 0, 0, 0]
  color_space = 0x0, global_alpha = 0x0, rd_mode = 0x0

532 im2d_rga_impl rga_dump_opt(1468): opt version[0x0]:

532 im2d_rga_impl rga_dump_opt(1469): set_core[0x0], priority[0]

532 im2d_rga_impl rga_dump_opt(1472): color[0x72727272] 
532 im2d_rga_impl rga_dump_opt(1481): 

532 im2d_rga_impl rga_task_submit(1952): acquir_fence[-1], release_fence_ptr[0x0], usage[0x280000]

rknn_run
[PROCESS_I8] h=20 w=20 stride=32 dfl=16 grid=400 sumReject=400 sumPass=0 classScan=0 classOps=0 scoreHit=0 dfl=0 valid=0 threshold=0.250
[POST_BRANCH] h=20 w=20 spatial=400 stride=32 dfl=16 decode=0.020 validAdd=0 validTotal=0
[PROCESS_I8] h=40 w=40 stride=16 dfl=16 grid=1600 sumReject=0 sumPass=1600 classScan=1600 classOps=128000 scoreHit=0 dfl=0 valid=0 threshold=0.250
[POST_BRANCH] h=40 w=40 spatial=1600 stride=16 dfl=16 decode=0.585 validAdd=0 validTotal=0
[PROCESS_I8] h=80 w=80 stride=8 dfl=16 grid=6400 sumReject=0 sumPass=6400 classScan=6400 classOps=512000 scoreHit=0 dfl=0 valid=0 threshold=0.250
[POST_BRANCH] h=80 w=80 spatial=6400 stride=8 dfl=16 decode=3.141 validAdd=0 validTotal=0
[POST_PROFILE] decode=3.745 sort=0.000 nms=0.000 pack=0.000 total=3.760 validCount=0 resultCount=0
[YOLO11_PROFILE] preprocess=3.040 inputs_set=0.194 rknn_run=19.457 outputs_get=1.516 postprocess=3.765 outputs_release=0.005 total=27.980
scale=0.500000 dst_box=(0 140 639 499) allow_slight_change=1 _left_offset=0 _top_offset=140 padding_w=0 padding_h=280
fill dst image (x y w h)=(0 0 640 640) with color=0x72727272
 RgaCollorFill(1752) RGA_COLORFILL fail: Invalid argument
 RgaCollorFill(1753) RGA_COLORFILL fail: Invalid argument
562 im2d_rga_impl rga_task_submit(1943): Failed to call RockChipRga interface, please use 'dmesg' command to view driver error log.
562 im2d_rga_impl rga_dump_channel_info(1418): src_channel: 
  rect[x,y,w,h] = [0, 0, 0, 0]
  image[w,h,ws,hs,f] = [0, 0, 0, 0, rgba8888]
  buffer[handle,fd,va,pa] = [0, 0, 0, 0]
  color_space = 0x0, global_alpha = 0x0, rd_mode = 0x0

562 im2d_rga_impl rga_dump_channel_info(1418): dst_channel: 
  rect[x,y,w,h] = [0, 0, 640, 640]
  image[w,h,ws,hs,f] = [640, 640, 640, 640, rgb888]
  buffer[handle,fd,va,pa] = [1928, 0, 0, 0]
  color_space = 0x0, global_alpha = 0x0, rd_mode = 0x0

562 im2d_rga_impl rga_dump_opt(1468): opt version[0x0]:

562 im2d_rga_impl rga_dump_opt(1469): set_core[0x0], priority[0]

562 im2d_rga_impl rga_dump_opt(1472): color[0x72727272] 
562 im2d_rga_impl rga_dump_opt(1481): 

562 im2d_rga_impl rga_task_submit(1952): acquir_fence[-1], release_fence_ptr[0x0], usage[0x280000]

rknn_run
[PROCESS_I8] h=20 w=20 stride=32 dfl=16 grid=400 sumReject=400 sumPass=0 classScan=0 classOps=0 scoreHit=0 dfl=0 valid=0 threshold=0.250
[POST_BRANCH] h=20 w=20 spatial=400 stride=32 dfl=16 decode=0.021 validAdd=0 validTotal=0
[PROCESS_I8] h=40 w=40 stride=16 dfl=16 grid=1600 sumReject=0 sumPass=1600 classScan=1600 classOps=128000 scoreHit=0 dfl=0 valid=0 threshold=0.250
[POST_BRANCH] h=40 w=40 spatial=1600 stride=16 dfl=16 decode=0.582 validAdd=0 validTotal=0
[PROCESS_I8] h=80 w=80 stride=8 dfl=16 grid=6400 sumReject=0 sumPass=6400 classScan=6400 classOps=512000 scoreHit=0 dfl=0 valid=0 threshold=0.250
[POST_BRANCH] h=80 w=80 spatial=6400 stride=8 dfl=16 decode=3.343 validAdd=0 validTotal=0
[POST_PROFILE] decode=3.946 sort=0.000 nms=0.000 pack=0.000 total=3.961 validCount=0 resultCount=0
[YOLO11_PROFILE] preprocess=3.153 inputs_set=0.193 rknn_run=19.127 outputs_get=1.522 postprocess=3.967 outputs_release=0.005 total=27.970
scale=0.500000 dst_box=(0 140 639 499) allow_slight_change=1 _left_offset=0 _top_offset=140 padding_w=0 padding_h=280
fill dst image (x y w h)=(0 0 640 640) with color=0x72727272
 RgaCollorFill(1752) RGA_COLORFILL fail: Invalid argument
 RgaCollorFill(1753) RGA_COLORFILL fail: Invalid argument
594 im2d_rga_impl rga_task_submit(1943): Failed to call RockChipRga interface, please use 'dmesg' command to view driver error log.
594 im2d_rga_impl rga_dump_channel_info(1418): src_channel: 
  rect[x,y,w,h] = [0, 0, 0, 0]
  image[w,h,ws,hs,f] = [0, 0, 0, 0, rgba8888]
  buffer[handle,fd,va,pa] = [0, 0, 0, 0]
  color_space = 0x0, global_alpha = 0x0, rd_mode = 0x0

594 im2d_rga_impl rga_dump_channel_info(1418): dst_channel: 
  rect[x,y,w,h] = [0, 0, 640, 640]
  image[w,h,ws,hs,f] = [640, 640, 640, 640, rgb888]
  buffer[handle,fd,va,pa] = [1930, 0, 0, 0]
  color_space = 0x0, global_alpha = 0x0, rd_mode = 0x0

594 im2d_rga_impl rga_dump_opt(1468): opt version[0x0]:

594 im2d_rga_impl rga_dump_opt(1469): set_core[0x0], priority[0]

594 im2d_rga_impl rga_dump_opt(1472): color[0x72727272] 
594 im2d_rga_impl rga_dump_opt(1481): 

594 im2d_rga_impl rga_task_submit(1952): acquir_fence[-1], release_fence_ptr[0x0], usage[0x280000]

rknn_run
[PROCESS_I8] h=20 w=20 stride=32 dfl=16 grid=400 sumReject=400 sumPass=0 classScan=0 classOps=0 scoreHit=0 dfl=0 valid=0 threshold=0.250
[POST_BRANCH] h=20 w=20 spatial=400 stride=32 dfl=16 decode=0.018 validAdd=0 validTotal=0
[PROCESS_I8] h=40 w=40 stride=16 dfl=16 grid=1600 sumReject=0 sumPass=1600 classScan=1600 classOps=128000 scoreHit=0 dfl=0 valid=0 threshold=0.250
[POST_BRANCH] h=40 w=40 spatial=1600 stride=16 dfl=16 decode=0.590 validAdd=0 validTotal=0
[PROCESS_I8] h=80 w=80 stride=8 dfl=16 grid=6400 sumReject=0 sumPass=6400 classScan=6400 classOps=512000 scoreHit=0 dfl=0 valid=0 threshold=0.250
[POST_BRANCH] h=80 w=80 spatial=6400 stride=8 dfl=16 decode=3.517 validAdd=0 validTotal=0
[POST_PROFILE] decode=4.125 sort=0.000 nms=0.000 pack=0.000 total=4.139 validCount=0 resultCount=0
[YOLO11_PROFILE] preprocess=5.028 inputs_set=0.181 rknn_run=19.044 outputs_get=1.522 postprocess=4.398 outputs_release=0.007 total=30.186
scale=0.500000 dst_box=(0 140 639 499) allow_slight_change=1 _left_offset=0 _top_offset=140 padding_w=0 padding_h=280
fill dst image (x y w h)=(0 0 640 640) with color=0x72727272
 RgaCollorFill(1752) RGA_COLORFILL fail: Invalid argument
 RgaCollorFill(1753) RGA_COLORFILL fail: Invalid argument
627 im2d_rga_impl rga_task_submit(1943): Failed to call RockChipRga interface, please use 'dmesg' command to view driver error log.
627 im2d_rga_impl rga_dump_channel_info(1418): src_channel: 
  rect[x,y,w,h] = [0, 0, 0, 0]
  image[w,h,ws,hs,f] = [0, 0, 0, 0, rgba8888]
  buffer[handle,fd,va,pa] = [0, 0, 0, 0]
  color_space = 0x0, global_alpha = 0x0, rd_mode = 0x0

627 im2d_rga_impl rga_dump_channel_info(1418): dst_channel: 
  rect[x,y,w,h] = [0, 0, 640, 640]
  image[w,h,ws,hs,f] = [640, 640, 640, 640, rgb888]
  buffer[handle,fd,va,pa] = [1932, 0, 0, 0]
  color_space = 0x0, global_alpha = 0x0, rd_mode = 0x0

627 im2d_rga_impl rga_dump_opt(1468): opt version[0x0]:

627 im2d_rga_impl rga_dump_opt(1469): set_core[0x0], priority[0]

627 im2d_rga_impl rga_dump_opt(1472): color[0x72727272] 
627 im2d_rga_impl rga_dump_opt(1481): 

627 im2d_rga_impl rga_task_submit(1952): acquir_fence[-1], release_fence_ptr[0x0], usage[0x280000]

rknn_run
[PROCESS_I8] h=20 w=20 stride=32 dfl=16 grid=400 sumReject=400 sumPass=0 classScan=0 classOps=0 scoreHit=0 dfl=0 valid=0 threshold=0.250
[POST_BRANCH] h=20 w=20 spatial=400 stride=32 dfl=16 decode=0.022 validAdd=0 validTotal=0
[PROCESS_I8] h=40 w=40 stride=16 dfl=16 grid=1600 sumReject=0 sumPass=1600 classScan=1600 classOps=128000 scoreHit=0 dfl=0 valid=0 threshold=0.250
[POST_BRANCH] h=40 w=40 spatial=1600 stride=16 dfl=16 decode=0.583 validAdd=0 validTotal=0
[PROCESS_I8] h=80 w=80 stride=8 dfl=16 grid=6400 sumReject=0 sumPass=6400 classScan=6400 classOps=512000 scoreHit=0 dfl=0 valid=0 threshold=0.250
[POST_BRANCH] h=80 w=80 spatial=6400 stride=8 dfl=16 decode=3.212 validAdd=0 validTotal=0
[POST_PROFILE] decode=3.817 sort=0.000 nms=0.000 pack=0.000 total=3.832 validCount=0 resultCount=0
[YOLO11_PROFILE] preprocess=4.524 inputs_set=0.319 rknn_run=18.955 outputs_get=1.486 postprocess=3.837 outputs_release=0.005 total=29.133
scale=0.500000 dst_box=(0 140 639 499) allow_slight_change=1 _left_offset=0 _top_offset=140 padding_w=0 padding_h=280
fill dst image (x y w h)=(0 0 640 640) with color=0x72727272
 RgaCollorFill(1752) RGA_COLORFILL fail: Invalid argument
 RgaCollorFill(1753) RGA_COLORFILL fail: Invalid argument
657 im2d_rga_impl rga_task_submit(1943): Failed to call RockChipRga interface, please use 'dmesg' command to view driver error log.
657 im2d_rga_impl rga_dump_channel_info(1418): src_channel: 
  rect[x,y,w,h] = [0, 0, 0, 0]
  image[w,h,ws,hs,f] = [0, 0, 0, 0, rgba8888]
  buffer[handle,fd,va,pa] = [0, 0, 0, 0]
  color_space = 0x0, global_alpha = 0x0, rd_mode = 0x0

657 im2d_rga_impl rga_dump_channel_info(1418): dst_channel: 
  rect[x,y,w,h] = [0, 0, 640, 640]
  image[w,h,ws,hs,f] = [640, 640, 640, 640, rgb888]
  buffer[handle,fd,va,pa] = [1934, 0, 0, 0]
  color_space = 0x0, global_alpha = 0x0, rd_mode = 0x0

657 im2d_rga_impl rga_dump_opt(1468): opt version[0x0]:

657 im2d_rga_impl rga_dump_opt(1469): set_core[0x0], priority[0]

657 im2d_rga_impl rga_dump_opt(1472): color[0x72727272] 
657 im2d_rga_impl rga_dump_opt(1481): 

657 im2d_rga_impl rga_task_submit(1952): acquir_fence[-1], release_fence_ptr[0x0], usage[0x280000]

rknn_run
[PROCESS_I8] h=20 w=20 stride=32 dfl=16 grid=400 sumReject=400 sumPass=0 classScan=0 classOps=0 scoreHit=0 dfl=0 valid=0 threshold=0.250
[POST_BRANCH] h=20 w=20 spatial=400 stride=32 dfl=16 decode=0.020 validAdd=0 validTotal=0
[PROCESS_I8] h=40 w=40 stride=16 dfl=16 grid=1600 sumReject=0 sumPass=1600 classScan=1600 classOps=128000 scoreHit=0 dfl=0 valid=0 threshold=0.250
[POST_BRANCH] h=40 w=40 spatial=1600 stride=16 dfl=16 decode=0.582 validAdd=0 validTotal=0
[PROCESS_I8] h=80 w=80 stride=8 dfl=16 grid=6400 sumReject=0 sumPass=6400 classScan=6400 classOps=512000 scoreHit=0 dfl=0 valid=0 threshold=0.250
[POST_BRANCH] h=80 w=80 spatial=6400 stride=8 dfl=16 decode=3.369 validAdd=0 validTotal=0
[POST_PROFILE] decode=3.972 sort=0.000 nms=0.000 pack=0.000 total=3.987 validCount=0 resultCount=0
[YOLO11_PROFILE] preprocess=2.998 inputs_set=0.202 rknn_run=18.898 outputs_get=1.499 postprocess=3.992 outputs_release=0.005 total=27.595
scale=0.500000 dst_box=(0 140 639 499) allow_slight_change=1 _left_offset=0 _top_offset=140 padding_w=0 padding_h=280
fill dst image (x y w h)=(0 0 640 640) with color=0x72727272
 RgaCollorFill(1752) RGA_COLORFILL fail: Invalid argument
 RgaCollorFill(1753) RGA_COLORFILL fail: Invalid argument
691 im2d_rga_impl rga_task_submit(1943): Failed to call RockChipRga interface, please use 'dmesg' command to view driver error log.
691 im2d_rga_impl rga_dump_channel_info(1418): src_channel: 
  rect[x,y,w,h] = [0, 0, 0, 0]
  image[w,h,ws,hs,f] = [0, 0, 0, 0, rgba8888]
  buffer[handle,fd,va,pa] = [0, 0, 0, 0]
  color_space = 0x0, global_alpha = 0x0, rd_mode = 0x0

691 im2d_rga_impl rga_dump_channel_info(1418): dst_channel: 
  rect[x,y,w,h] = [0, 0, 640, 640]
  image[w,h,ws,hs,f] = [640, 640, 640, 640, rgb888]
  buffer[handle,fd,va,pa] = [1936, 0, 0, 0]
  color_space = 0x0, global_alpha = 0x0, rd_mode = 0x0

691 im2d_rga_impl rga_dump_opt(1468): opt version[0x0]:

691 im2d_rga_impl rga_dump_opt(1469): set_core[0x0], priority[0]

691 im2d_rga_impl rga_dump_opt(1472): color[0x72727272] 
691 im2d_rga_impl rga_dump_opt(1481): 

691 im2d_rga_impl rga_task_submit(1952): acquir_fence[-1], release_fence_ptr[0x0], usage[0x280000]

rknn_run
[PROCESS_I8] h=20 w=20 stride=32 dfl=16 grid=400 sumReject=400 sumPass=0 classScan=0 classOps=0 scoreHit=0 dfl=0 valid=0 threshold=0.250
[POST_BRANCH] h=20 w=20 spatial=400 stride=32 dfl=16 decode=0.022 validAdd=0 validTotal=0
[PROCESS_I8] h=40 w=40 stride=16 dfl=16 grid=1600 sumReject=0 sumPass=1600 classScan=1600 classOps=128000 scoreHit=0 dfl=0 valid=0 threshold=0.250
[POST_BRANCH] h=40 w=40 spatial=1600 stride=16 dfl=16 decode=0.636 validAdd=0 validTotal=0
[PROCESS_I8] h=80 w=80 stride=8 dfl=16 grid=6400 sumReject=0 sumPass=6400 classScan=6400 classOps=512000 scoreHit=0 dfl=0 valid=0 threshold=0.250
[POST_BRANCH] h=80 w=80 spatial=6400 stride=8 dfl=16 decode=3.637 validAdd=0 validTotal=0
[POST_PROFILE] decode=4.295 sort=0.000 nms=0.000 pack=0.000 total=4.309 validCount=0 resultCount=0
[YOLO11_PROFILE] preprocess=4.347 inputs_set=0.169 rknn_run=18.950 outputs_get=1.523 postprocess=4.315 outputs_release=0.005 total=29.315
scale=0.500000 dst_box=(0 140 639 499) allow_slight_change=1 _left_offset=0 _top_offset=140 padding_w=0 padding_h=280
fill dst image (x y w h)=(0 0 640 640) with color=0x72727272
 RgaCollorFill(1752) RGA_COLORFILL fail: Invalid argument
 RgaCollorFill(1753) RGA_COLORFILL fail: Invalid argument
724 im2d_rga_impl rga_task_submit(1943): Failed to call RockChipRga interface, please use 'dmesg' command to view driver error log.
724 im2d_rga_impl rga_dump_channel_info(1418): src_channel: 
  rect[x,y,w,h] = [0, 0, 0, 0]
  image[w,h,ws,hs,f] = [0, 0, 0, 0, rgba8888]
  buffer[handle,fd,va,pa] = [0, 0, 0, 0]
  color_space = 0x0, global_alpha = 0x0, rd_mode = 0x0

724 im2d_rga_impl rga_dump_channel_info(1418): dst_channel: 
  rect[x,y,w,h] = [0, 0, 640, 640]
  image[w,h,ws,hs,f] = [640, 640, 640, 640, rgb888]
  buffer[handle,fd,va,pa] = [1938, 0, 0, 0]
  color_space = 0x0, global_alpha = 0x0, rd_mode = 0x0

724 im2d_rga_impl rga_dump_opt(1468): opt version[0x0]:

724 im2d_rga_impl rga_dump_opt(1469): set_core[0x0], priority[0]

724 im2d_rga_impl rga_dump_opt(1472): color[0x72727272] 
724 im2d_rga_impl rga_dump_opt(1481): 

724 im2d_rga_impl rga_task_submit(1952): acquir_fence[-1], release_fence_ptr[0x0], usage[0x280000]

rknn_run
[PROCESS_I8] h=20 w=20 stride=32 dfl=16 grid=400 sumReject=400 sumPass=0 classScan=0 classOps=0 scoreHit=0 dfl=0 valid=0 threshold=0.250
[POST_BRANCH] h=20 w=20 spatial=400 stride=32 dfl=16 decode=0.018 validAdd=0 validTotal=0
[PROCESS_I8] h=40 w=40 stride=16 dfl=16 grid=1600 sumReject=0 sumPass=1600 classScan=1600 classOps=128000 scoreHit=0 dfl=0 valid=0 threshold=0.250
[POST_BRANCH] h=40 w=40 spatial=1600 stride=16 dfl=16 decode=0.613 validAdd=0 validTotal=0
[PROCESS_I8] h=80 w=80 stride=8 dfl=16 grid=6400 sumReject=0 sumPass=6400 classScan=6400 classOps=512000 scoreHit=0 dfl=0 valid=0 threshold=0.250
[POST_BRANCH] h=80 w=80 spatial=6400 stride=8 dfl=16 decode=3.253 validAdd=0 validTotal=0
[POST_PROFILE] decode=3.884 sort=0.000 nms=0.000 pack=0.000 total=4.164 validCount=0 resultCount=0
[YOLO11_PROFILE] preprocess=4.656 inputs_set=0.186 rknn_run=19.171 outputs_get=1.480 postprocess=4.169 outputs_release=0.005 total=29.673
scale=0.500000 dst_box=(0 140 639 499) allow_slight_change=1 _left_offset=0 _top_offset=140 padding_w=0 padding_h=280
fill dst image (x y w h)=(0 0 640 640) with color=0x72727272
 RgaCollorFill(1752) RGA_COLORFILL fail: Invalid argument
 RgaCollorFill(1753) RGA_COLORFILL fail: Invalid argument
756 im2d_rga_impl rga_task_submit(1943): Failed to call RockChipRga interface, please use 'dmesg' command to view driver error log.
756 im2d_rga_impl rga_dump_channel_info(1418): src_channel: 
  rect[x,y,w,h] = [0, 0, 0, 0]
  image[w,h,ws,hs,f] = [0, 0, 0, 0, rgba8888]
  buffer[handle,fd,va,pa] = [0, 0, 0, 0]
  color_space = 0x0, global_alpha = 0x0, rd_mode = 0x0

756 im2d_rga_impl rga_dump_channel_info(1418): dst_channel: 
  rect[x,y,w,h] = [0, 0, 640, 640]
  image[w,h,ws,hs,f] = [640, 640, 640, 640, rgb888]
  buffer[handle,fd,va,pa] = [1940, 0, 0, 0]
  color_space = 0x0, global_alpha = 0x0, rd_mode = 0x0

756 im2d_rga_impl rga_dump_opt(1468): opt version[0x0]:

756 im2d_rga_impl rga_dump_opt(1469): set_core[0x0], priority[0]

756 im2d_rga_impl rga_dump_opt(1472): color[0x72727272] 
756 im2d_rga_impl rga_dump_opt(1481): 

756 im2d_rga_impl rga_task_submit(1952): acquir_fence[-1], release_fence_ptr[0x0], usage[0x280000]

rknn_run
[PROCESS_I8] h=20 w=20 stride=32 dfl=16 grid=400 sumReject=400 sumPass=0 classScan=0 classOps=0 scoreHit=0 dfl=0 valid=0 threshold=0.250
[POST_BRANCH] h=20 w=20 spatial=400 stride=32 dfl=16 decode=0.020 validAdd=0 validTotal=0
[PROCESS_I8] h=40 w=40 stride=16 dfl=16 grid=1600 sumReject=0 sumPass=1600 classScan=1600 classOps=128000 scoreHit=0 dfl=0 valid=0 threshold=0.250
[POST_BRANCH] h=40 w=40 spatial=1600 stride=16 dfl=16 decode=0.584 validAdd=0 validTotal=0
[PROCESS_I8] h=80 w=80 stride=8 dfl=16 grid=6400 sumReject=0 sumPass=6400 classScan=6400 classOps=512000 scoreHit=0 dfl=0 valid=0 threshold=0.250
[POST_BRANCH] h=80 w=80 spatial=6400 stride=8 dfl=16 decode=3.183 validAdd=0 validTotal=0
[POST_PROFILE] decode=3.786 sort=0.000 nms=0.000 pack=0.000 total=3.802 validCount=0 resultCount=0
[YOLO11_PROFILE] preprocess=3.013 inputs_set=0.196 rknn_run=19.405 outputs_get=1.495 postprocess=3.807 outputs_release=0.005 total=27.923
scale=0.500000 dst_box=(0 140 639 499) allow_slight_change=1 _left_offset=0 _top_offset=140 padding_w=0 padding_h=280
fill dst image (x y w h)=(0 0 640 640) with color=0x72727272
 RgaCollorFill(1752) RGA_COLORFILL fail: Invalid argument
 RgaCollorFill(1753) RGA_COLORFILL fail: Invalid argument
791 im2d_rga_impl rga_task_submit(1943): Failed to call RockChipRga interface, please use 'dmesg' command to view driver error log.
791 im2d_rga_impl rga_dump_channel_info(1418): src_channel: 
  rect[x,y,w,h] = [0, 0, 0, 0]
  image[w,h,ws,hs,f] = [0, 0, 0, 0, rgba8888]
  buffer[handle,fd,va,pa] = [0, 0, 0, 0]
  color_space = 0x0, global_alpha = 0x0, rd_mode = 0x0

791 im2d_rga_impl rga_dump_channel_info(1418): dst_channel: 
  rect[x,y,w,h] = [0, 0, 640, 640]
  image[w,h,ws,hs,f] = [640, 640, 640, 640, rgb888]
  buffer[handle,fd,va,pa] = [1942, 0, 0, 0]
  color_space = 0x0, global_alpha = 0x0, rd_mode = 0x0

791 im2d_rga_impl rga_dump_opt(1468): opt version[0x0]:

791 im2d_rga_impl rga_dump_opt(1469): set_core[0x0], priority[0]

791 im2d_rga_impl rga_dump_opt(1472): color[0x72727272] 
791 im2d_rga_impl rga_dump_opt(1481): 

791 im2d_rga_impl rga_task_submit(1952): acquir_fence[-1], release_fence_ptr[0x0], usage[0x280000]

rknn_run
[PROCESS_I8] h=20 w=20 stride=32 dfl=16 grid=400 sumReject=400 sumPass=0 classScan=0 classOps=0 scoreHit=0 dfl=0 valid=0 threshold=0.250
[POST_BRANCH] h=20 w=20 spatial=400 stride=32 dfl=16 decode=0.021 validAdd=0 validTotal=0
[PROCESS_I8] h=40 w=40 stride=16 dfl=16 grid=1600 sumReject=0 sumPass=1600 classScan=1600 classOps=128000 scoreHit=0 dfl=0 valid=0 threshold=0.250
[POST_BRANCH] h=40 w=40 spatial=1600 stride=16 dfl=16 decode=0.584 validAdd=0 validTotal=0
[PROCESS_I8] h=80 w=80 stride=8 dfl=16 grid=6400 sumReject=0 sumPass=6400 classScan=6400 classOps=512000 scoreHit=0 dfl=0 valid=0 threshold=0.250
[POST_BRANCH] h=80 w=80 spatial=6400 stride=8 dfl=16 decode=3.152 validAdd=0 validTotal=0
[POST_PROFILE] decode=3.758 sort=0.000 nms=0.000 pack=0.000 total=3.772 validCount=0 resultCount=0
[YOLO11_PROFILE] preprocess=5.474 inputs_set=0.321 rknn_run=19.380 outputs_get=1.509 postprocess=3.777 outputs_release=0.005 total=30.471
scale=0.500000 dst_box=(0 140 639 499) allow_slight_change=1 _left_offset=0 _top_offset=140 padding_w=0 padding_h=280
fill dst image (x y w h)=(0 0 640 640) with color=0x72727272
 RgaCollorFill(1752) RGA_COLORFILL fail: Invalid argument
 RgaCollorFill(1753) RGA_COLORFILL fail: Invalid argument
823 im2d_rga_impl rga_task_submit(1943): Failed to call RockChipRga interface, please use 'dmesg' command to view driver error log.
823 im2d_rga_impl rga_dump_channel_info(1418): src_channel: 
  rect[x,y,w,h] = [0, 0, 0, 0]
  image[w,h,ws,hs,f] = [0, 0, 0, 0, rgba8888]
  buffer[handle,fd,va,pa] = [0, 0, 0, 0]
  color_space = 0x0, global_alpha = 0x0, rd_mode = 0x0

823 im2d_rga_impl rga_dump_channel_info(1418): dst_channel: 
  rect[x,y,w,h] = [0, 0, 640, 640]
  image[w,h,ws,hs,f] = [640, 640, 640, 640, rgb888]
  buffer[handle,fd,va,pa] = [1944, 0, 0, 0]
  color_space = 0x0, global_alpha = 0x0, rd_mode = 0x0

823 im2d_rga_impl rga_dump_opt(1468): opt version[0x0]:

823 im2d_rga_impl rga_dump_opt(1469): set_core[0x0], priority[0]

823 im2d_rga_impl rga_dump_opt(1472): color[0x72727272] 
823 im2d_rga_impl rga_dump_opt(1481): 

823 im2d_rga_impl rga_task_submit(1952): acquir_fence[-1], release_fence_ptr[0x0], usage[0x280000]

rknn_run
[PROCESS_I8] h=20 w=20 stride=32 dfl=16 grid=400 sumReject=400 sumPass=0 classScan=0 classOps=0 scoreHit=0 dfl=0 valid=0 threshold=0.250
[POST_BRANCH] h=20 w=20 spatial=400 stride=32 dfl=16 decode=0.016 validAdd=0 validTotal=0
[PROCESS_I8] h=40 w=40 stride=16 dfl=16 grid=1600 sumReject=0 sumPass=1600 classScan=1600 classOps=128000 scoreHit=0 dfl=0 valid=0 threshold=0.250
[POST_BRANCH] h=40 w=40 spatial=1600 stride=16 dfl=16 decode=0.601 validAdd=0 validTotal=0
[PROCESS_I8] h=80 w=80 stride=8 dfl=16 grid=6400 sumReject=0 sumPass=6400 classScan=6400 classOps=512000 scoreHit=0 dfl=0 valid=0 threshold=0.250
[POST_BRANCH] h=80 w=80 spatial=6400 stride=8 dfl=16 decode=3.481 validAdd=0 validTotal=0
[POST_PROFILE] decode=4.099 sort=0.000 nms=0.000 pack=0.000 total=4.112 validCount=0 resultCount=0
[YOLO11_PROFILE] preprocess=3.007 inputs_set=0.185 rknn_run=19.960 outputs_get=1.488 postprocess=4.118 outputs_release=0.005 total=28.767
scale=0.500000 dst_box=(0 140 639 499) allow_slight_change=1 _left_offset=0 _top_offset=140 padding_w=0 padding_h=280
fill dst image (x y w h)=(0 0 640 640) with color=0x72727272
 RgaCollorFill(1752) RGA_COLORFILL fail: Invalid argument
 RgaCollorFill(1753) RGA_COLORFILL fail: Invalid argument
857 im2d_rga_impl rga_task_submit(1943): Failed to call RockChipRga interface, please use 'dmesg' command to view driver error log.
857 im2d_rga_impl rga_dump_channel_info(1418): src_channel: 
  rect[x,y,w,h] = [0, 0, 0, 0]
  image[w,h,ws,hs,f] = [0, 0, 0, 0, rgba8888]
  buffer[handle,fd,va,pa] = [0, 0, 0, 0]
  color_space = 0x0, global_alpha = 0x0, rd_mode = 0x0

857 im2d_rga_impl rga_dump_channel_info(1418): dst_channel: 
  rect[x,y,w,h] = [0, 0, 640, 640]
  image[w,h,ws,hs,f] = [640, 640, 640, 640, rgb888]
  buffer[handle,fd,va,pa] = [1946, 0, 0, 0]
  color_space = 0x0, global_alpha = 0x0, rd_mode = 0x0

857 im2d_rga_impl rga_dump_opt(1468): opt version[0x0]:

857 im2d_rga_impl rga_dump_opt(1469): set_core[0x0], priority[0]

857 im2d_rga_impl rga_dump_opt(1472): color[0x72727272] 
857 im2d_rga_impl rga_dump_opt(1481): 

857 im2d_rga_impl rga_task_submit(1952): acquir_fence[-1], release_fence_ptr[0x0], usage[0x280000]

rknn_run
[PROCESS_I8] h=20 w=20 stride=32 dfl=16 grid=400 sumReject=400 sumPass=0 classScan=0 classOps=0 scoreHit=0 dfl=0 valid=0 threshold=0.250
[POST_BRANCH] h=20 w=20 spatial=400 stride=32 dfl=16 decode=0.021 validAdd=0 validTotal=0
[PROCESS_I8] h=40 w=40 stride=16 dfl=16 grid=1600 sumReject=0 sumPass=1600 classScan=1600 classOps=128000 scoreHit=0 dfl=0 valid=0 threshold=0.250
[POST_BRANCH] h=40 w=40 spatial=1600 stride=16 dfl=16 decode=3.138 validAdd=0 validTotal=0
[PROCESS_I8] h=80 w=80 stride=8 dfl=16 grid=6400 sumReject=0 sumPass=6400 classScan=6400 classOps=512000 scoreHit=0 dfl=0 valid=0 threshold=0.250
[POST_BRANCH] h=80 w=80 spatial=6400 stride=8 dfl=16 decode=3.617 validAdd=0 validTotal=0
[POST_PROFILE] decode=6.775 sort=0.000 nms=0.000 pack=0.000 total=6.791 validCount=0 resultCount=0
[YOLO11_PROFILE] preprocess=4.495 inputs_set=0.192 rknn_run=18.885 outputs_get=1.496 postprocess=6.797 outputs_release=0.008 total=31.879
scale=0.500000 dst_box=(0 140 639 499) allow_slight_change=1 _left_offset=0 _top_offset=140 padding_w=0 padding_h=280
fill dst image (x y w h)=(0 0 640 640) with color=0x72727272
 RgaCollorFill(1752) RGA_COLORFILL fail: Invalid argument
 RgaCollorFill(1753) RGA_COLORFILL fail: Invalid argument
891 im2d_rga_impl rga_task_submit(1943): Failed to call RockChipRga interface, please use 'dmesg' command to view driver error log.
891 im2d_rga_impl rga_dump_channel_info(1418): src_channel: 
  rect[x,y,w,h] = [0, 0, 0, 0]
  image[w,h,ws,hs,f] = [0, 0, 0, 0, rgba8888]
  buffer[handle,fd,va,pa] = [0, 0, 0, 0]
  color_space = 0x0, global_alpha = 0x0, rd_mode = 0x0

891 im2d_rga_impl rga_dump_channel_info(1418): dst_channel: 
  rect[x,y,w,h] = [0, 0, 640, 640]
  image[w,h,ws,hs,f] = [640, 640, 640, 640, rgb888]
  buffer[handle,fd,va,pa] = [1948, 0, 0, 0]
  color_space = 0x0, global_alpha = 0x0, rd_mode = 0x0

891 im2d_rga_impl rga_dump_opt(1468): opt version[0x0]:

891 im2d_rga_impl rga_dump_opt(1469): set_core[0x0], priority[0]

891 im2d_rga_impl rga_dump_opt(1472): color[0x72727272] 
891 im2d_rga_impl rga_dump_opt(1481): 

891 im2d_rga_impl rga_task_submit(1952): acquir_fence[-1], release_fence_ptr[0x0], usage[0x280000]

rknn_run
[PROCESS_I8] h=20 w=20 stride=32 dfl=16 grid=400 sumReject=400 sumPass=0 classScan=0 classOps=0 scoreHit=0 dfl=0 valid=0 threshold=0.250
[POST_BRANCH] h=20 w=20 spatial=400 stride=32 dfl=16 decode=0.020 validAdd=0 validTotal=0
[PROCESS_I8] h=40 w=40 stride=16 dfl=16 grid=1600 sumReject=0 sumPass=1600 classScan=1600 classOps=128000 scoreHit=0 dfl=0 valid=0 threshold=0.250
[POST_BRANCH] h=40 w=40 spatial=1600 stride=16 dfl=16 decode=0.582 validAdd=0 validTotal=0
[PROCESS_I8] h=80 w=80 stride=8 dfl=16 grid=6400 sumReject=0 sumPass=6400 classScan=6400 classOps=512000 scoreHit=0 dfl=0 valid=0 threshold=0.250
[POST_BRANCH] h=80 w=80 spatial=6400 stride=8 dfl=16 decode=3.135 validAdd=0 validTotal=0
[POST_PROFILE] decode=3.736 sort=0.000 nms=0.000 pack=0.000 total=3.751 validCount=0 resultCount=0
[YOLO11_PROFILE] preprocess=3.019 inputs_set=0.198 rknn_run=18.794 outputs_get=1.486 postprocess=3.756 outputs_release=0.005 total=27.260
scale=0.500000 dst_box=(0 140 639 499) allow_slight_change=1 _left_offset=0 _top_offset=140 padding_w=0 padding_h=280
fill dst image (x y w h)=(0 0 640 640) with color=0x72727272
 RgaCollorFill(1752) RGA_COLORFILL fail: Invalid argument
 RgaCollorFill(1753) RGA_COLORFILL fail: Invalid argument
924 im2d_rga_impl rga_task_submit(1943): Failed to call RockChipRga interface, please use 'dmesg' command to view driver error log.
924 im2d_rga_impl rga_dump_channel_info(1418): src_channel: 
  rect[x,y,w,h] = [0, 0, 0, 0]
  image[w,h,ws,hs,f] = [0, 0, 0, 0, rgba8888]
  buffer[handle,fd,va,pa] = [0, 0, 0, 0]
  color_space = 0x0, global_alpha = 0x0, rd_mode = 0x0

924 im2d_rga_impl rga_dump_channel_info(1418): dst_channel: 
  rect[x,y,w,h] = [0, 0, 640, 640]
  image[w,h,ws,hs,f] = [640, 640, 640, 640, rgb888]
  buffer[handle,fd,va,pa] = [1950, 0, 0, 0]
  color_space = 0x0, global_alpha = 0x0, rd_mode = 0x0

925 im2d_rga_impl rga_dump_opt(1468): opt version[0x0]:

925 im2d_rga_impl rga_dump_opt(1469): set_core[0x0], priority[0]

925 im2d_rga_impl rga_dump_opt(1472): color[0x72727272] 
925 im2d_rga_impl rga_dump_opt(1481): 

925 im2d_rga_impl rga_task_submit(1952): acquir_fence[-1], release_fence_ptr[0x0], usage[0x280000]

rknn_run
[PROCESS_I8] h=20 w=20 stride=32 dfl=16 grid=400 sumReject=400 sumPass=0 classScan=0 classOps=0 scoreHit=0 dfl=0 valid=0 threshold=0.250
[POST_BRANCH] h=20 w=20 spatial=400 stride=32 dfl=16 decode=0.021 validAdd=0 validTotal=0
[PROCESS_I8] h=40 w=40 stride=16 dfl=16 grid=1600 sumReject=0 sumPass=1600 classScan=1600 classOps=128000 scoreHit=0 dfl=0 valid=0 threshold=0.250
[POST_BRANCH] h=40 w=40 spatial=1600 stride=16 dfl=16 decode=0.769 validAdd=0 validTotal=0
[PROCESS_I8] h=80 w=80 stride=8 dfl=16 grid=6400 sumReject=0 sumPass=6400 classScan=6400 classOps=512000 scoreHit=0 dfl=0 valid=0 threshold=0.250
[POST_BRANCH] h=80 w=80 spatial=6400 stride=8 dfl=16 decode=3.630 validAdd=0 validTotal=0
[POST_PROFILE] decode=4.420 sort=0.000 nms=0.000 pack=0.000 total=4.435 validCount=0 resultCount=0
[YOLO11_PROFILE] preprocess=4.631 inputs_set=0.309 rknn_run=19.259 outputs_get=1.627 postprocess=4.440 outputs_release=0.005 total=30.278
scale=0.500000 dst_box=(0 140 639 499) allow_slight_change=1 _left_offset=0 _top_offset=140 padding_w=0 padding_h=280
fill dst image (x y w h)=(0 0 640 640) with color=0x72727272
 RgaCollorFill(1752) RGA_COLORFILL fail: Invalid argument
 RgaCollorFill(1753) RGA_COLORFILL fail: Invalid argument
957 im2d_rga_impl rga_task_submit(1943): Failed to call RockChipRga interface, please use 'dmesg' command to view driver error log.
957 im2d_rga_impl rga_dump_channel_info(1418): src_channel: 
  rect[x,y,w,h] = [0, 0, 0, 0]
  image[w,h,ws,hs,f] = [0, 0, 0, 0, rgba8888]
  buffer[handle,fd,va,pa] = [0, 0, 0, 0]
  color_space = 0x0, global_alpha = 0x0, rd_mode = 0x0

957 im2d_rga_impl rga_dump_channel_info(1418): dst_channel: 
  rect[x,y,w,h] = [0, 0, 640, 640]
  image[w,h,ws,hs,f] = [640, 640, 640, 640, rgb888]
  buffer[handle,fd,va,pa] = [1952, 0, 0, 0]
  color_space = 0x0, global_alpha = 0x0, rd_mode = 0x0

957 im2d_rga_impl rga_dump_opt(1468): opt version[0x0]:

957 im2d_rga_impl rga_dump_opt(1469): set_core[0x0], priority[0]

957 im2d_rga_impl rga_dump_opt(1472): color[0x72727272] 
957 im2d_rga_impl rga_dump_opt(1481): 

957 im2d_rga_impl rga_task_submit(1952): acquir_fence[-1], release_fence_ptr[0x0], usage[0x280000]

rknn_run
[PROCESS_I8] h=20 w=20 stride=32 dfl=16 grid=400 sumReject=400 sumPass=0 classScan=0 classOps=0 scoreHit=0 dfl=0 valid=0 threshold=0.250
[POST_BRANCH] h=20 w=20 spatial=400 stride=32 dfl=16 decode=0.018 validAdd=0 validTotal=0
[PROCESS_I8] h=40 w=40 stride=16 dfl=16 grid=1600 sumReject=0 sumPass=1600 classScan=1600 classOps=128000 scoreHit=0 dfl=0 valid=0 threshold=0.250
[POST_BRANCH] h=40 w=40 spatial=1600 stride=16 dfl=16 decode=0.586 validAdd=0 validTotal=0
[PROCESS_I8] h=80 w=80 stride=8 dfl=16 grid=6400 sumReject=0 sumPass=6400 classScan=6400 classOps=512000 scoreHit=0 dfl=0 valid=0 threshold=0.250
[POST_BRANCH] h=80 w=80 spatial=6400 stride=8 dfl=16 decode=3.508 validAdd=0 validTotal=0
[POST_PROFILE] decode=4.111 sort=0.000 nms=0.000 pack=0.000 total=4.125 validCount=0 resultCount=0
[YOLO11_PROFILE] preprocess=3.021 inputs_set=0.189 rknn_run=19.750 outputs_get=1.505 postprocess=4.130 outputs_release=0.006 total=28.604
scale=0.500000 dst_box=(0 140 639 499) allow_slight_change=1 _left_offset=0 _top_offset=140 padding_w=0 padding_h=280
fill dst image (x y w h)=(0 0 640 640) with color=0x72727272
 RgaCollorFill(1752) RGA_COLORFILL fail: Invalid argument
 RgaCollorFill(1753) RGA_COLORFILL fail: Invalid argument
991 im2d_rga_impl rga_task_submit(1943): Failed to call RockChipRga interface, please use 'dmesg' command to view driver error log.
991 im2d_rga_impl rga_dump_channel_info(1418): src_channel: 
  rect[x,y,w,h] = [0, 0, 0, 0]
  image[w,h,ws,hs,f] = [0, 0, 0, 0, rgba8888]
  buffer[handle,fd,va,pa] = [0, 0, 0, 0]
  color_space = 0x0, global_alpha = 0x0, rd_mode = 0x0

991 im2d_rga_impl rga_dump_channel_info(1418): dst_channel: 
  rect[x,y,w,h] = [0, 0, 640, 640]
  image[w,h,ws,hs,f] = [640, 640, 640, 640, rgb888]
  buffer[handle,fd,va,pa] = [1954, 0, 0, 0]
  color_space = 0x0, global_alpha = 0x0, rd_mode = 0x0

991 im2d_rga_impl rga_dump_opt(1468): opt version[0x0]:

991 im2d_rga_impl rga_dump_opt(1469): set_core[0x0], priority[0]

991 im2d_rga_impl rga_dump_opt(1472): color[0x72727272] 
991 im2d_rga_impl rga_dump_opt(1481): 

991 im2d_rga_impl rga_task_submit(1952): acquir_fence[-1], release_fence_ptr[0x0], usage[0x280000]

rknn_run
[PROCESS_I8] h=20 w=20 stride=32 dfl=16 grid=400 sumReject=400 sumPass=0 classScan=0 classOps=0 scoreHit=0 dfl=0 valid=0 threshold=0.250
[POST_BRANCH] h=20 w=20 spatial=400 stride=32 dfl=16 decode=0.018 validAdd=0 validTotal=0
[PROCESS_I8] h=40 w=40 stride=16 dfl=16 grid=1600 sumReject=0 sumPass=1600 classScan=1600 classOps=128000 scoreHit=0 dfl=0 valid=0 threshold=0.250
[POST_BRANCH] h=40 w=40 spatial=1600 stride=16 dfl=16 decode=0.588 validAdd=0 validTotal=0
[PROCESS_I8] h=80 w=80 stride=8 dfl=16 grid=6400 sumReject=0 sumPass=6400 classScan=6400 classOps=512000 scoreHit=0 dfl=0 valid=0 threshold=0.250
[POST_BRANCH] h=80 w=80 spatial=6400 stride=8 dfl=16 decode=3.330 validAdd=0 validTotal=0
[POST_PROFILE] decode=3.936 sort=0.000 nms=0.000 pack=0.000 total=3.951 validCount=0 resultCount=0
[YOLO11_PROFILE] preprocess=4.535 inputs_set=0.188 rknn_run=19.079 outputs_get=1.514 postprocess=3.956 outputs_release=0.006 total=29.283
scale=0.500000 dst_box=(0 140 639 499) allow_slight_change=1 _left_offset=0 _top_offset=140 padding_w=0 padding_h=280
fill dst image (x y w h)=(0 0 640 640) with color=0x72727272
 RgaCollorFill(1752) RGA_COLORFILL fail: Invalid argument
 RgaCollorFill(1753) RGA_COLORFILL fail: Invalid argument
1023 im2d_rga_impl rga_task_submit(1943): Failed to call RockChipRga interface, please use 'dmesg' command to view driver error log.
1023 im2d_rga_impl rga_dump_channel_info(1418): src_channel: 
  rect[x,y,w,h] = [0, 0, 0, 0]
  image[w,h,ws,hs,f] = [0, 0, 0, 0, rgba8888]
  buffer[handle,fd,va,pa] = [0, 0, 0, 0]
  color_space = 0x0, global_alpha = 0x0, rd_mode = 0x0

1023 im2d_rga_impl rga_dump_channel_info(1418): dst_channel: 
  rect[x,y,w,h] = [0, 0, 640, 640]
  image[w,h,ws,hs,f] = [640, 640, 640, 640, rgb888]
  buffer[handle,fd,va,pa] = [1956, 0, 0, 0]
  color_space = 0x0, global_alpha = 0x0, rd_mode = 0x0

1023 im2d_rga_impl rga_dump_opt(1468): opt version[0x0]:

1023 im2d_rga_impl rga_dump_opt(1469): set_core[0x0], priority[0]

1023 im2d_rga_impl rga_dump_opt(1472): color[0x72727272] 
1023 im2d_rga_impl rga_dump_opt(1481): 

1023 im2d_rga_impl rga_task_submit(1952): acquir_fence[-1], release_fence_ptr[0x0], usage[0x280000]

rknn_run
[PROCESS_I8] h=20 w=20 stride=32 dfl=16 grid=400 sumReject=400 sumPass=0 classScan=0 classOps=0 scoreHit=0 dfl=0 valid=0 threshold=0.250
[POST_BRANCH] h=20 w=20 spatial=400 stride=32 dfl=16 decode=0.018 validAdd=0 validTotal=0
[PROCESS_I8] h=40 w=40 stride=16 dfl=16 grid=1600 sumReject=0 sumPass=1600 classScan=1600 classOps=128000 scoreHit=0 dfl=0 valid=0 threshold=0.250
[POST_BRANCH] h=40 w=40 spatial=1600 stride=16 dfl=16 decode=0.583 validAdd=0 validTotal=0
[PROCESS_I8] h=80 w=80 stride=8 dfl=16 grid=6400 sumReject=0 sumPass=6400 classScan=6400 classOps=512000 scoreHit=0 dfl=0 valid=0 threshold=0.250
[POST_BRANCH] h=80 w=80 spatial=6400 stride=8 dfl=16 decode=3.140 validAdd=0 validTotal=0
[POST_PROFILE] decode=3.741 sort=0.000 nms=0.000 pack=0.000 total=3.756 validCount=0 resultCount=0
[YOLO11_PROFILE] preprocess=3.011 inputs_set=0.181 rknn_run=19.002 outputs_get=1.498 postprocess=3.761 outputs_release=0.005 total=27.461
scale=0.500000 dst_box=(0 140 639 499) allow_slight_change=1 _left_offset=0 _top_offset=140 padding_w=0 padding_h=280
fill dst image (x y w h)=(0 0 640 640) with color=0x72727272
 RgaCollorFill(1752) RGA_COLORFILL fail: Invalid argument
 RgaCollorFill(1753) RGA_COLORFILL fail: Invalid argument
1057 im2d_rga_impl rga_task_submit(1943): Failed to call RockChipRga interface, please use 'dmesg' command to view driver error log.
1057 im2d_rga_impl rga_dump_channel_info(1418): src_channel: 
  rect[x,y,w,h] = [0, 0, 0, 0]
  image[w,h,ws,hs,f] = [0, 0, 0, 0, rgba8888]
  buffer[handle,fd,va,pa] = [0, 0, 0, 0]
  color_space = 0x0, global_alpha = 0x0, rd_mode = 0x0

1057 im2d_rga_impl rga_dump_channel_info(1418): dst_channel: 
  rect[x,y,w,h] = [0, 0, 640, 640]
  image[w,h,ws,hs,f] = [640, 640, 640, 640, rgb888]
  buffer[handle,fd,va,pa] = [1958, 0, 0, 0]
  color_space = 0x0, global_alpha = 0x0, rd_mode = 0x0

1057 im2d_rga_impl rga_dump_opt(1468): opt version[0x0]:

1057 im2d_rga_impl rga_dump_opt(1469): set_core[0x0], priority[0]

1057 im2d_rga_impl rga_dump_opt(1472): color[0x72727272] 
1057 im2d_rga_impl rga_dump_opt(1481): 

1057 im2d_rga_impl rga_task_submit(1952): acquir_fence[-1], release_fence_ptr[0x0], usage[0x280000]

rknn_run
[PROCESS_I8] h=20 w=20 stride=32 dfl=16 grid=400 sumReject=400 sumPass=0 classScan=0 classOps=0 scoreHit=0 dfl=0 valid=0 threshold=0.250
[POST_BRANCH] h=20 w=20 spatial=400 stride=32 dfl=16 decode=0.019 validAdd=0 validTotal=0
[PROCESS_I8] h=40 w=40 stride=16 dfl=16 grid=1600 sumReject=0 sumPass=1600 classScan=1600 classOps=128000 scoreHit=0 dfl=0 valid=0 threshold=0.250
[POST_BRANCH] h=40 w=40 spatial=1600 stride=16 dfl=16 decode=0.584 validAdd=0 validTotal=0
[PROCESS_I8] h=80 w=80 stride=8 dfl=16 grid=6400 sumReject=0 sumPass=6400 classScan=6400 classOps=512000 scoreHit=0 dfl=0 valid=0 threshold=0.250
[POST_BRANCH] h=80 w=80 spatial=6400 stride=8 dfl=16 decode=3.323 validAdd=0 validTotal=0
[POST_PROFILE] decode=3.926 sort=0.000 nms=0.000 pack=0.000 total=3.940 validCount=0 resultCount=0
[YOLO11_PROFILE] preprocess=3.157 inputs_set=0.176 rknn_run=19.232 outputs_get=1.504 postprocess=3.946 outputs_release=0.006 total=28.022
scale=0.500000 dst_box=(0 140 639 499) allow_slight_change=1 _left_offset=0 _top_offset=140 padding_w=0 padding_h=280
fill dst image (x y w h)=(0 0 640 640) with color=0x72727272
 RgaCollorFill(1752) RGA_COLORFILL fail: Invalid argument
 RgaCollorFill(1753) RGA_COLORFILL fail: Invalid argument
1090 im2d_rga_impl rga_task_submit(1943): Failed to call RockChipRga interface, please use 'dmesg' command to view driver error log.
1090 im2d_rga_impl rga_dump_channel_info(1418): src_channel: 
  rect[x,y,w,h] = [0, 0, 0, 0]
  image[w,h,ws,hs,f] = [0, 0, 0, 0, rgba8888]
  buffer[handle,fd,va,pa] = [0, 0, 0, 0]
  color_space = 0x0, global_alpha = 0x0, rd_mode = 0x0

1090 im2d_rga_impl rga_dump_channel_info(1418): dst_channel: 
  rect[x,y,w,h] = [0, 0, 640, 640]
  image[w,h,ws,hs,f] = [640, 640, 640, 640, rgb888]
  buffer[handle,fd,va,pa] = [1960, 0, 0, 0]
  color_space = 0x0, global_alpha = 0x0, rd_mode = 0x0

1090 im2d_rga_impl rga_dump_opt(1468): opt version[0x0]:

1090 im2d_rga_impl rga_dump_opt(1469): set_core[0x0], priority[0]

1090 im2d_rga_impl rga_dump_opt(1472): color[0x72727272] 
1090 im2d_rga_impl rga_dump_opt(1481): 

1090 im2d_rga_impl rga_task_submit(1952): acquir_fence[-1], release_fence_ptr[0x0], usage[0x280000]

rknn_run
[PROCESS_I8] h=20 w=20 stride=32 dfl=16 grid=400 sumReject=400 sumPass=0 classScan=0 classOps=0 scoreHit=0 dfl=0 valid=0 threshold=0.250
[POST_BRANCH] h=20 w=20 spatial=400 stride=32 dfl=16 decode=0.016 validAdd=0 validTotal=0
[PROCESS_I8] h=40 w=40 stride=16 dfl=16 grid=1600 sumReject=0 sumPass=1600 classScan=1600 classOps=128000 scoreHit=0 dfl=0 valid=0 threshold=0.250
[POST_BRANCH] h=40 w=40 spatial=1600 stride=16 dfl=16 decode=0.585 validAdd=0 validTotal=0
[PROCESS_I8] h=80 w=80 stride=8 dfl=16 grid=6400 sumReject=0 sumPass=6400 classScan=6400 classOps=512000 scoreHit=0 dfl=0 valid=0 threshold=0.250
[POST_BRANCH] h=80 w=80 spatial=6400 stride=8 dfl=16 decode=3.121 validAdd=0 validTotal=0
[POST_PROFILE] decode=3.722 sort=0.000 nms=0.000 pack=0.000 total=3.735 validCount=0 resultCount=0
[YOLO11_PROFILE] preprocess=3.016 inputs_set=0.178 rknn_run=18.851 outputs_get=1.481 postprocess=3.741 outputs_release=0.004 total=27.274
scale=0.500000 dst_box=(0 140 639 499) allow_slight_change=1 _left_offset=0 _top_offset=140 padding_w=0 padding_h=280
fill dst image (x y w h)=(0 0 640 640) with color=0x72727272
 RgaCollorFill(1752) RGA_COLORFILL fail: Invalid argument
 RgaCollorFill(1753) RGA_COLORFILL fail: Invalid argument
1124 im2d_rga_impl rga_task_submit(1943): Failed to call RockChipRga interface, please use 'dmesg' command to view driver error log.
1124 im2d_rga_impl rga_dump_channel_info(1418): src_channel: 
  rect[x,y,w,h] = [0, 0, 0, 0]
  image[w,h,ws,hs,f] = [0, 0, 0, 0, rgba8888]
  buffer[handle,fd,va,pa] = [0, 0, 0, 0]
  color_space = 0x0, global_alpha = 0x0, rd_mode = 0x0

1124 im2d_rga_impl rga_dump_channel_info(1418): dst_channel: 
  rect[x,y,w,h] = [0, 0, 640, 640]
  image[w,h,ws,hs,f] = [640, 640, 640, 640, rgb888]
  buffer[handle,fd,va,pa] = [1962, 0, 0, 0]
  color_space = 0x0, global_alpha = 0x0, rd_mode = 0x0

1124 im2d_rga_impl rga_dump_opt(1468): opt version[0x0]:

1124 im2d_rga_impl rga_dump_opt(1469): set_core[0x0], priority[0]

1124 im2d_rga_impl rga_dump_opt(1472): color[0x72727272] 
1124 im2d_rga_impl rga_dump_opt(1481): 

1124 im2d_rga_impl rga_task_submit(1952): acquir_fence[-1], release_fence_ptr[0x0], usage[0x280000]

rknn_run
[PROCESS_I8] h=20 w=20 stride=32 dfl=16 grid=400 sumReject=400 sumPass=0 classScan=0 classOps=0 scoreHit=0 dfl=0 valid=0 threshold=0.250
[POST_BRANCH] h=20 w=20 spatial=400 stride=32 dfl=16 decode=0.018 validAdd=0 validTotal=0
[PROCESS_I8] h=40 w=40 stride=16 dfl=16 grid=1600 sumReject=0 sumPass=1600 classScan=1600 classOps=128000 scoreHit=0 dfl=0 valid=0 threshold=0.250
[POST_BRANCH] h=40 w=40 spatial=1600 stride=16 dfl=16 decode=0.589 validAdd=0 validTotal=0
[PROCESS_I8] h=80 w=80 stride=8 dfl=16 grid=6400 sumReject=0 sumPass=6400 classScan=6400 classOps=512000 scoreHit=0 dfl=0 valid=0 threshold=0.250
[POST_BRANCH] h=80 w=80 spatial=6400 stride=8 dfl=16 decode=3.169 validAdd=0 validTotal=0
[POST_PROFILE] decode=3.777 sort=0.000 nms=0.000 pack=0.000 total=3.790 validCount=0 resultCount=0
[YOLO11_PROFILE] preprocess=4.368 inputs_set=0.193 rknn_run=19.096 outputs_get=1.545 postprocess=3.795 outputs_release=0.005 total=29.012

========== 06 avg ==========
frames          : 30
select_ms       : 2.675
dqbuf_ms        : 0.005
rga_ms          : 2.424
input_prepare_ms: 0.000
model_total_ms  : 29.051
draw_ms         : 0.009
snapshot_ms     : 0.828
qbuf_ms         : 0.074
total_ms        : 35.068
avg_fps         : 28.516
============================

========== 06 final ==========
frames       : 30
wall_time_ms : 1053.189
wall_fps     : 28.485
avg_select_ms       : 2.675
avg_dqbuf_ms        : 0.005
avg_rga_ms          : 2.424
avg_input_prepare_ms: 0.000
avg_model_total_ms  : 29.051
avg_draw_ms         : 0.009
avg_snapshot_ms     : 0.828
avg_qbuf_ms         : 0.074
avg_total_ms        : 35.068
csv saved: output/exp07_o3_performance_governor/profile.csv
================================
