========== 06 V4L2 + RGA + RKNN detect ==========
model     : models/yolo11.rknn
device    : /dev/video11
size      : 1280x720
frames    : 30
csv       : output/exp07_branch_decode_profile/profile_branch_decode.csv
snap dir  : output/exp07_branch_decode_profile
snap intv : 999999
driver : rkisp_v6
card   : rkisp_mainpath
bus    : platform:rkisp0-vir0
actual fmt: 1280x720 NV12, image_size=1382400
WARN: VIDIOC_S_PARM failed: Inappropriate ioctl for device
request buffers count: 4
mmap buffer=0 length=1382400 offset=0
mmap buffer=1 length=1382400 offset=1384448
mmap buffer=2 length=1382400 offset=2768896
mmap buffer=3 length=1382400 offset=4153344
model input num: 1, output num: 9
input tensors:
  index=0, name=images, n_dims=4, dims=[1, 640, 640, 3], n_elems=1228800, size=1228800, fmt=NHWC, type=INT8, qnt_type=AFFINE, zp=-128, scale=0.003922
output tensors:
  index=0, name=output, n_dims=4, dims=[1, 64, 80, 80], n_elems=409600, size=409600, fmt=NCHW, type=INT8, qnt_type=AFFINE, zp=-56, scale=0.153800
  index=1, name=sigmoid, n_dims=4, dims=[1, 80, 80, 80], n_elems=512000, size=512000, fmt=NCHW, type=INT8, qnt_type=AFFINE, zp=-128, scale=0.003353
  index=2, name=clamp, n_dims=4, dims=[1, 1, 80, 80], n_elems=6400, size=6400, fmt=NCHW, type=INT8, qnt_type=AFFINE, zp=-128, scale=0.003359
  index=3, name=conv2d_73, n_dims=4, dims=[1, 64, 40, 40], n_elems=102400, size=102400, fmt=NCHW, type=INT8, qnt_type=AFFINE, zp=-36, scale=0.099730
  index=4, name=sigmoid_1, n_dims=4, dims=[1, 80, 40, 40], n_elems=128000, size=128000, fmt=NCHW, type=INT8, qnt_type=AFFINE, zp=-128, scale=0.003559
  index=5, name=clamp_1, n_dims=4, dims=[1, 1, 40, 40], n_elems=1600, size=1600, fmt=NCHW, type=INT8, qnt_type=AFFINE, zp=-128, scale=0.003646
  index=6, name=conv2d_81, n_dims=4, dims=[1, 64, 20, 20], n_elems=25600, size=25600, fmt=NCHW, type=INT8, qnt_type=AFFINE, zp=-25, scale=0.083873
  index=7, name=sigmoid_2, n_dims=4, dims=[1, 80, 20, 20], n_elems=32000, size=32000, fmt=NCHW, type=INT8, qnt_type=AFFINE, zp=-128, scale=0.003694
  index=8, name=clamp_2, n_dims=4, dims=[1, 1, 20, 20], n_elems=400, size=400, fmt=NCHW, type=INT8, qnt_type=AFFINE, zp=-128, scale=0.003839
model is NHWC input fmt
model input height=640, width=640, channel=3
rga_api version 1.9.2_[1]
scale=0.500000 dst_box=(0 140 639 499) allow_slight_change=1 _left_offset=0 _top_offset=140 padding_w=0 padding_h=280
fill dst image (x y w h)=(0 0 640 640) with color=0x72727272
 RgaCollorFill(1752) RGA_COLORFILL fail: Invalid argument
 RgaCollorFill(1753) RGA_COLORFILL fail: Invalid argument
171 im2d_rga_impl rga_task_submit(1943): Failed to call RockChipRga interface, please use 'dmesg' command to view driver error log.
171 im2d_rga_impl rga_dump_channel_info(1418): src_channel: 
  rect[x,y,w,h] = [0, 0, 0, 0]
  image[w,h,ws,hs,f] = [0, 0, 0, 0, rgba8888]
  buffer[handle,fd,va,pa] = [0, 0, 0, 0]
  color_space = 0x0, global_alpha = 0x0, rd_mode = 0x0

171 im2d_rga_impl rga_dump_channel_info(1418): dst_channel: 
  rect[x,y,w,h] = [0, 0, 640, 640]
  image[w,h,ws,hs,f] = [640, 640, 640, 640, rgb888]
  buffer[handle,fd,va,pa] = [1724, 0, 0, 0]
  color_space = 0x0, global_alpha = 0x0, rd_mode = 0x0

171 im2d_rga_impl rga_dump_opt(1468): opt version[0x0]:

171 im2d_rga_impl rga_dump_opt(1469): set_core[0x0], priority[0]

171 im2d_rga_impl rga_dump_opt(1472): color[0x72727272] 
171 im2d_rga_impl rga_dump_opt(1481): 

171 im2d_rga_impl rga_task_submit(1952): acquir_fence[-1], release_fence_ptr[0x0], usage[0x280000]

rknn_run
[POST_BRANCH] h=20 w=20 spatial=400 stride=32 dfl=16 decode=0.014 validAdd=0 validTotal=0
[POST_BRANCH] h=40 w=40 spatial=1600 stride=16 dfl=16 decode=3.787 validAdd=0 validTotal=0
[POST_BRANCH] h=80 w=80 spatial=6400 stride=8 dfl=16 decode=12.459 validAdd=0 validTotal=0
[POST_PROFILE] decode=16.260 sort=0.000 nms=0.000 pack=0.000 total=16.349 validCount=0 resultCount=0
[YOLO11_PROFILE] preprocess=9.421 inputs_set=7.454 rknn_run=22.592 outputs_get=4.784 postprocess=16.367 outputs_release=0.008 total=60.681
write_image path: output/exp07_branch_decode_profile/frame_000000.jpg width=1280 height=720 channel=3 data=0x7f84325010
snapshot saved: output/exp07_branch_decode_profile/frame_000000.jpg
scale=0.500000 dst_box=(0 140 639 499) allow_slight_change=1 _left_offset=0 _top_offset=140 padding_w=0 padding_h=280
fill dst image (x y w h)=(0 0 640 640) with color=0x72727272
 RgaCollorFill(1752) RGA_COLORFILL fail: Invalid argument
 RgaCollorFill(1753) RGA_COLORFILL fail: Invalid argument
257 im2d_rga_impl rga_task_submit(1943): Failed to call RockChipRga interface, please use 'dmesg' command to view driver error log.
257 im2d_rga_impl rga_dump_channel_info(1418): src_channel: 
  rect[x,y,w,h] = [0, 0, 0, 0]
  image[w,h,ws,hs,f] = [0, 0, 0, 0, rgba8888]
  buffer[handle,fd,va,pa] = [0, 0, 0, 0]
  color_space = 0x0, global_alpha = 0x0, rd_mode = 0x0

257 im2d_rga_impl rga_dump_channel_info(1418): dst_channel: 
  rect[x,y,w,h] = [0, 0, 640, 640]
  image[w,h,ws,hs,f] = [640, 640, 640, 640, rgb888]
  buffer[handle,fd,va,pa] = [1726, 0, 0, 0]
  color_space = 0x0, global_alpha = 0x0, rd_mode = 0x0

257 im2d_rga_impl rga_dump_opt(1468): opt version[0x0]:

257 im2d_rga_impl rga_dump_opt(1469): set_core[0x0], priority[0]

257 im2d_rga_impl rga_dump_opt(1472): color[0x72727272] 
257 im2d_rga_impl rga_dump_opt(1481): 

257 im2d_rga_impl rga_task_submit(1952): acquir_fence[-1], release_fence_ptr[0x0], usage[0x280000]

rknn_run
[POST_BRANCH] h=20 w=20 spatial=400 stride=32 dfl=16 decode=0.142 validAdd=3 validTotal=3
[POST_BRANCH] h=40 w=40 spatial=1600 stride=16 dfl=16 decode=3.263 validAdd=0 validTotal=3
[POST_BRANCH] h=80 w=80 spatial=6400 stride=8 dfl=16 decode=10.491 validAdd=0 validTotal=3
[POST_PROFILE] decode=13.896 sort=0.001 nms=0.020 pack=0.001 total=14.024 validCount=3 resultCount=1
[YOLO11_PROFILE] preprocess=6.873 inputs_set=0.441 rknn_run=22.219 outputs_get=3.873 postprocess=14.039 outputs_release=0.013 total=47.471
frame=1 keyboard @ (6 0 1279 708) 0.284
scale=0.500000 dst_box=(0 140 639 499) allow_slight_change=1 _left_offset=0 _top_offset=140 padding_w=0 padding_h=280
fill dst image (x y w h)=(0 0 640 640) with color=0x72727272
 RgaCollorFill(1752) RGA_COLORFILL fail: Invalid argument
 RgaCollorFill(1753) RGA_COLORFILL fail: Invalid argument
307 im2d_rga_impl rga_task_submit(1943): Failed to call RockChipRga interface, please use 'dmesg' command to view driver error log.
307 im2d_rga_impl rga_dump_channel_info(1418): src_channel: 
  rect[x,y,w,h] = [0, 0, 0, 0]
  image[w,h,ws,hs,f] = [0, 0, 0, 0, rgba8888]
  buffer[handle,fd,va,pa] = [0, 0, 0, 0]
  color_space = 0x0, global_alpha = 0x0, rd_mode = 0x0

307 im2d_rga_impl rga_dump_channel_info(1418): dst_channel: 
  rect[x,y,w,h] = [0, 0, 640, 640]
  image[w,h,ws,hs,f] = [640, 640, 640, 640, rgb888]
  buffer[handle,fd,va,pa] = [1728, 0, 0, 0]
  color_space = 0x0, global_alpha = 0x0, rd_mode = 0x0

307 im2d_rga_impl rga_dump_opt(1468): opt version[0x0]:

307 im2d_rga_impl rga_dump_opt(1469): set_core[0x0], priority[0]

307 im2d_rga_impl rga_dump_opt(1472): color[0x72727272] 
307 im2d_rga_impl rga_dump_opt(1481): 

307 im2d_rga_impl rga_task_submit(1952): acquir_fence[-1], release_fence_ptr[0x0], usage[0x280000]

rknn_run
[POST_BRANCH] h=20 w=20 spatial=400 stride=32 dfl=16 decode=0.011 validAdd=0 validTotal=0
[POST_BRANCH] h=40 w=40 spatial=1600 stride=16 dfl=16 decode=2.142 validAdd=0 validTotal=0
[POST_BRANCH] h=80 w=80 spatial=6400 stride=8 dfl=16 decode=9.681 validAdd=0 validTotal=0
[POST_PROFILE] decode=11.835 sort=0.000 nms=0.000 pack=0.000 total=11.886 validCount=0 resultCount=0
[YOLO11_PROFILE] preprocess=6.261 inputs_set=0.245 rknn_run=20.977 outputs_get=2.054 postprocess=11.898 outputs_release=0.006 total=41.455
scale=0.500000 dst_box=(0 140 639 499) allow_slight_change=1 _left_offset=0 _top_offset=140 padding_w=0 padding_h=280
fill dst image (x y w h)=(0 0 640 640) with color=0x72727272
 RgaCollorFill(1752) RGA_COLORFILL fail: Invalid argument
 RgaCollorFill(1753) RGA_COLORFILL fail: Invalid argument
352 im2d_rga_impl rga_task_submit(1943): Failed to call RockChipRga interface, please use 'dmesg' command to view driver error log.
352 im2d_rga_impl rga_dump_channel_info(1418): src_channel: 
  rect[x,y,w,h] = [0, 0, 0, 0]
  image[w,h,ws,hs,f] = [0, 0, 0, 0, rgba8888]
  buffer[handle,fd,va,pa] = [0, 0, 0, 0]
  color_space = 0x0, global_alpha = 0x0, rd_mode = 0x0

352 im2d_rga_impl rga_dump_channel_info(1418): dst_channel: 
  rect[x,y,w,h] = [0, 0, 640, 640]
  image[w,h,ws,hs,f] = [640, 640, 640, 640, rgb888]
  buffer[handle,fd,va,pa] = [1730, 0, 0, 0]
  color_space = 0x0, global_alpha = 0x0, rd_mode = 0x0

352 im2d_rga_impl rga_dump_opt(1468): opt version[0x0]:

352 im2d_rga_impl rga_dump_opt(1469): set_core[0x0], priority[0]

352 im2d_rga_impl rga_dump_opt(1472): color[0x72727272] 
352 im2d_rga_impl rga_dump_opt(1481): 

352 im2d_rga_impl rga_task_submit(1952): acquir_fence[-1], release_fence_ptr[0x0], usage[0x280000]

rknn_run
[POST_BRANCH] h=20 w=20 spatial=400 stride=32 dfl=16 decode=0.010 validAdd=0 validTotal=0
[POST_BRANCH] h=40 w=40 spatial=1600 stride=16 dfl=16 decode=2.120 validAdd=0 validTotal=0
[POST_BRANCH] h=80 w=80 spatial=6400 stride=8 dfl=16 decode=10.122 validAdd=0 validTotal=0
[POST_PROFILE] decode=12.252 sort=0.000 nms=0.000 pack=0.000 total=12.307 validCount=0 resultCount=0
[YOLO11_PROFILE] preprocess=7.241 inputs_set=0.446 rknn_run=23.969 outputs_get=1.590 postprocess=12.319 outputs_release=0.006 total=45.587
scale=0.500000 dst_box=(0 140 639 499) allow_slight_change=1 _left_offset=0 _top_offset=140 padding_w=0 padding_h=280
fill dst image (x y w h)=(0 0 640 640) with color=0x72727272
 RgaCollorFill(1752) RGA_COLORFILL fail: Invalid argument
 RgaCollorFill(1753) RGA_COLORFILL fail: Invalid argument
400 im2d_rga_impl rga_task_submit(1943): Failed to call RockChipRga interface, please use 'dmesg' command to view driver error log.
400 im2d_rga_impl rga_dump_channel_info(1418): src_channel: 
  rect[x,y,w,h] = [0, 0, 0, 0]
  image[w,h,ws,hs,f] = [0, 0, 0, 0, rgba8888]
  buffer[handle,fd,va,pa] = [0, 0, 0, 0]
  color_space = 0x0, global_alpha = 0x0, rd_mode = 0x0

400 im2d_rga_impl rga_dump_channel_info(1418): dst_channel: 
  rect[x,y,w,h] = [0, 0, 640, 640]
  image[w,h,ws,hs,f] = [640, 640, 640, 640, rgb888]
  buffer[handle,fd,va,pa] = [1732, 0, 0, 0]
  color_space = 0x0, global_alpha = 0x0, rd_mode = 0x0

400 im2d_rga_impl rga_dump_opt(1468): opt version[0x0]:

400 im2d_rga_impl rga_dump_opt(1469): set_core[0x0], priority[0]

400 im2d_rga_impl rga_dump_opt(1472): color[0x72727272] 
400 im2d_rga_impl rga_dump_opt(1481): 

400 im2d_rga_impl rga_task_submit(1952): acquir_fence[-1], release_fence_ptr[0x0], usage[0x280000]

rknn_run
[POST_BRANCH] h=20 w=20 spatial=400 stride=32 dfl=16 decode=0.014 validAdd=0 validTotal=0
[POST_BRANCH] h=40 w=40 spatial=1600 stride=16 dfl=16 decode=3.167 validAdd=0 validTotal=0
[POST_BRANCH] h=80 w=80 spatial=6400 stride=8 dfl=16 decode=12.158 validAdd=0 validTotal=0
[POST_PROFILE] decode=15.339 sort=0.000 nms=0.000 pack=0.000 total=15.405 validCount=0 resultCount=0
[YOLO11_PROFILE] preprocess=5.266 inputs_set=0.480 rknn_run=26.138 outputs_get=3.602 postprocess=15.415 outputs_release=0.006 total=50.922
scale=0.500000 dst_box=(0 140 639 499) allow_slight_change=1 _left_offset=0 _top_offset=140 padding_w=0 padding_h=280
fill dst image (x y w h)=(0 0 640 640) with color=0x72727272
 RgaCollorFill(1752) RGA_COLORFILL fail: Invalid argument
 RgaCollorFill(1753) RGA_COLORFILL fail: Invalid argument
455 im2d_rga_impl rga_task_submit(1943): Failed to call RockChipRga interface, please use 'dmesg' command to view driver error log.
455 im2d_rga_impl rga_dump_channel_info(1418): src_channel: 
  rect[x,y,w,h] = [0, 0, 0, 0]
  image[w,h,ws,hs,f] = [0, 0, 0, 0, rgba8888]
  buffer[handle,fd,va,pa] = [0, 0, 0, 0]
  color_space = 0x0, global_alpha = 0x0, rd_mode = 0x0

455 im2d_rga_impl rga_dump_channel_info(1418): dst_channel: 
  rect[x,y,w,h] = [0, 0, 640, 640]
  image[w,h,ws,hs,f] = [640, 640, 640, 640, rgb888]
  buffer[handle,fd,va,pa] = [1734, 0, 0, 0]
  color_space = 0x0, global_alpha = 0x0, rd_mode = 0x0

455 im2d_rga_impl rga_dump_opt(1468): opt version[0x0]:

455 im2d_rga_impl rga_dump_opt(1469): set_core[0x0], priority[0]

455 im2d_rga_impl rga_dump_opt(1472): color[0x72727272] 
455 im2d_rga_impl rga_dump_opt(1481): 

455 im2d_rga_impl rga_task_submit(1952): acquir_fence[-1], release_fence_ptr[0x0], usage[0x280000]

rknn_run
[POST_BRANCH] h=20 w=20 spatial=400 stride=32 dfl=16 decode=0.008 validAdd=0 validTotal=0
[POST_BRANCH] h=40 w=40 spatial=1600 stride=16 dfl=16 decode=2.094 validAdd=0 validTotal=0
[POST_BRANCH] h=80 w=80 spatial=6400 stride=8 dfl=16 decode=11.321 validAdd=0 validTotal=0
[POST_PROFILE] decode=13.423 sort=0.000 nms=0.000 pack=0.000 total=13.480 validCount=0 resultCount=0
[YOLO11_PROFILE] preprocess=7.492 inputs_set=0.537 rknn_run=22.668 outputs_get=1.562 postprocess=13.492 outputs_release=0.008 total=45.774
scale=0.500000 dst_box=(0 140 639 499) allow_slight_change=1 _left_offset=0 _top_offset=140 padding_w=0 padding_h=280
fill dst image (x y w h)=(0 0 640 640) with color=0x72727272
 RgaCollorFill(1752) RGA_COLORFILL fail: Invalid argument
 RgaCollorFill(1753) RGA_COLORFILL fail: Invalid argument
503 im2d_rga_impl rga_task_submit(1943): Failed to call RockChipRga interface, please use 'dmesg' command to view driver error log.
503 im2d_rga_impl rga_dump_channel_info(1418): src_channel: 
  rect[x,y,w,h] = [0, 0, 0, 0]
  image[w,h,ws,hs,f] = [0, 0, 0, 0, rgba8888]
  buffer[handle,fd,va,pa] = [0, 0, 0, 0]
  color_space = 0x0, global_alpha = 0x0, rd_mode = 0x0

503 im2d_rga_impl rga_dump_channel_info(1418): dst_channel: 
  rect[x,y,w,h] = [0, 0, 640, 640]
  image[w,h,ws,hs,f] = [640, 640, 640, 640, rgb888]
  buffer[handle,fd,va,pa] = [1736, 0, 0, 0]
  color_space = 0x0, global_alpha = 0x0, rd_mode = 0x0

503 im2d_rga_impl rga_dump_opt(1468): opt version[0x0]:

503 im2d_rga_impl rga_dump_opt(1469): set_core[0x0], priority[0]

503 im2d_rga_impl rga_dump_opt(1472): color[0x72727272] 
503 im2d_rga_impl rga_dump_opt(1481): 

503 im2d_rga_impl rga_task_submit(1952): acquir_fence[-1], release_fence_ptr[0x0], usage[0x280000]

rknn_run
[POST_BRANCH] h=20 w=20 spatial=400 stride=32 dfl=16 decode=0.014 validAdd=0 validTotal=0
[POST_BRANCH] h=40 w=40 spatial=1600 stride=16 dfl=16 decode=3.781 validAdd=0 validTotal=0
[POST_BRANCH] h=80 w=80 spatial=6400 stride=8 dfl=16 decode=12.639 validAdd=0 validTotal=0
[POST_PROFILE] decode=16.433 sort=0.000 nms=0.000 pack=0.000 total=16.504 validCount=0 resultCount=0
[YOLO11_PROFILE] preprocess=6.658 inputs_set=0.349 rknn_run=23.517 outputs_get=2.474 postprocess=16.516 outputs_release=0.007 total=49.537
scale=0.500000 dst_box=(0 140 639 499) allow_slight_change=1 _left_offset=0 _top_offset=140 padding_w=0 padding_h=280
fill dst image (x y w h)=(0 0 640 640) with color=0x72727272
 RgaCollorFill(1752) RGA_COLORFILL fail: Invalid argument
 RgaCollorFill(1753) RGA_COLORFILL fail: Invalid argument
556 im2d_rga_impl rga_task_submit(1943): Failed to call RockChipRga interface, please use 'dmesg' command to view driver error log.
556 im2d_rga_impl rga_dump_channel_info(1418): src_channel: 
  rect[x,y,w,h] = [0, 0, 0, 0]
  image[w,h,ws,hs,f] = [0, 0, 0, 0, rgba8888]
  buffer[handle,fd,va,pa] = [0, 0, 0, 0]
  color_space = 0x0, global_alpha = 0x0, rd_mode = 0x0

556 im2d_rga_impl rga_dump_channel_info(1418): dst_channel: 
  rect[x,y,w,h] = [0, 0, 640, 640]
  image[w,h,ws,hs,f] = [640, 640, 640, 640, rgb888]
  buffer[handle,fd,va,pa] = [1738, 0, 0, 0]
  color_space = 0x0, global_alpha = 0x0, rd_mode = 0x0

556 im2d_rga_impl rga_dump_opt(1468): opt version[0x0]:

556 im2d_rga_impl rga_dump_opt(1469): set_core[0x0], priority[0]

556 im2d_rga_impl rga_dump_opt(1472): color[0x72727272] 
556 im2d_rga_impl rga_dump_opt(1481): 

556 im2d_rga_impl rga_task_submit(1952): acquir_fence[-1], release_fence_ptr[0x0], usage[0x280000]

rknn_run
[POST_BRANCH] h=20 w=20 spatial=400 stride=32 dfl=16 decode=0.011 validAdd=0 validTotal=0
[POST_BRANCH] h=40 w=40 spatial=1600 stride=16 dfl=16 decode=3.110 validAdd=0 validTotal=0
[POST_BRANCH] h=80 w=80 spatial=6400 stride=8 dfl=16 decode=10.952 validAdd=0 validTotal=0
[POST_PROFILE] decode=14.073 sort=0.000 nms=0.000 pack=0.000 total=14.146 validCount=0 resultCount=0
[YOLO11_PROFILE] preprocess=6.341 inputs_set=0.349 rknn_run=21.936 outputs_get=2.245 postprocess=14.158 outputs_release=0.012 total=45.057
scale=0.500000 dst_box=(0 140 639 499) allow_slight_change=1 _left_offset=0 _top_offset=140 padding_w=0 padding_h=280
fill dst image (x y w h)=(0 0 640 640) with color=0x72727272
 RgaCollorFill(1752) RGA_COLORFILL fail: Invalid argument
 RgaCollorFill(1753) RGA_COLORFILL fail: Invalid argument
604 im2d_rga_impl rga_task_submit(1943): Failed to call RockChipRga interface, please use 'dmesg' command to view driver error log.
604 im2d_rga_impl rga_dump_channel_info(1418): src_channel: 
  rect[x,y,w,h] = [0, 0, 0, 0]
  image[w,h,ws,hs,f] = [0, 0, 0, 0, rgba8888]
  buffer[handle,fd,va,pa] = [0, 0, 0, 0]
  color_space = 0x0, global_alpha = 0x0, rd_mode = 0x0

604 im2d_rga_impl rga_dump_channel_info(1418): dst_channel: 
  rect[x,y,w,h] = [0, 0, 640, 640]
  image[w,h,ws,hs,f] = [640, 640, 640, 640, rgb888]
  buffer[handle,fd,va,pa] = [1740, 0, 0, 0]
  color_space = 0x0, global_alpha = 0x0, rd_mode = 0x0

604 im2d_rga_impl rga_dump_opt(1468): opt version[0x0]:

604 im2d_rga_impl rga_dump_opt(1469): set_core[0x0], priority[0]

604 im2d_rga_impl rga_dump_opt(1472): color[0x72727272] 
604 im2d_rga_impl rga_dump_opt(1481): 

604 im2d_rga_impl rga_task_submit(1952): acquir_fence[-1], release_fence_ptr[0x0], usage[0x280000]

rknn_run
[POST_BRANCH] h=20 w=20 spatial=400 stride=32 dfl=16 decode=0.008 validAdd=0 validTotal=0
[POST_BRANCH] h=40 w=40 spatial=1600 stride=16 dfl=16 decode=2.070 validAdd=0 validTotal=0
[POST_BRANCH] h=80 w=80 spatial=6400 stride=8 dfl=16 decode=9.821 validAdd=0 validTotal=0
[POST_PROFILE] decode=11.900 sort=0.000 nms=0.000 pack=0.000 total=11.950 validCount=0 resultCount=0
[YOLO11_PROFILE] preprocess=6.422 inputs_set=0.250 rknn_run=22.947 outputs_get=1.601 postprocess=11.961 outputs_release=0.006 total=43.200
scale=0.500000 dst_box=(0 140 639 499) allow_slight_change=1 _left_offset=0 _top_offset=140 padding_w=0 padding_h=280
fill dst image (x y w h)=(0 0 640 640) with color=0x72727272
 RgaCollorFill(1752) RGA_COLORFILL fail: Invalid argument
 RgaCollorFill(1753) RGA_COLORFILL fail: Invalid argument
650 im2d_rga_impl rga_task_submit(1943): Failed to call RockChipRga interface, please use 'dmesg' command to view driver error log.
650 im2d_rga_impl rga_dump_channel_info(1418): src_channel: 
  rect[x,y,w,h] = [0, 0, 0, 0]
  image[w,h,ws,hs,f] = [0, 0, 0, 0, rgba8888]
  buffer[handle,fd,va,pa] = [0, 0, 0, 0]
  color_space = 0x0, global_alpha = 0x0, rd_mode = 0x0

650 im2d_rga_impl rga_dump_channel_info(1418): dst_channel: 
  rect[x,y,w,h] = [0, 0, 640, 640]
  image[w,h,ws,hs,f] = [640, 640, 640, 640, rgb888]
  buffer[handle,fd,va,pa] = [1742, 0, 0, 0]
  color_space = 0x0, global_alpha = 0x0, rd_mode = 0x0

650 im2d_rga_impl rga_dump_opt(1468): opt version[0x0]:

650 im2d_rga_impl rga_dump_opt(1469): set_core[0x0], priority[0]

650 im2d_rga_impl rga_dump_opt(1472): color[0x72727272] 
650 im2d_rga_impl rga_dump_opt(1481): 

650 im2d_rga_impl rga_task_submit(1952): acquir_fence[-1], release_fence_ptr[0x0], usage[0x280000]

rknn_run
[POST_BRANCH] h=20 w=20 spatial=400 stride=32 dfl=16 decode=0.008 validAdd=0 validTotal=0
[POST_BRANCH] h=40 w=40 spatial=1600 stride=16 dfl=16 decode=2.089 validAdd=0 validTotal=0
[POST_BRANCH] h=80 w=80 spatial=6400 stride=8 dfl=16 decode=9.880 validAdd=0 validTotal=0
[POST_PROFILE] decode=11.977 sort=0.000 nms=0.000 pack=0.000 total=12.033 validCount=0 resultCount=0
[YOLO11_PROFILE] preprocess=6.804 inputs_set=0.461 rknn_run=21.711 outputs_get=1.567 postprocess=12.045 outputs_release=0.007 total=42.609
scale=0.500000 dst_box=(0 140 639 499) allow_slight_change=1 _left_offset=0 _top_offset=140 padding_w=0 padding_h=280
fill dst image (x y w h)=(0 0 640 640) with color=0x72727272
 RgaCollorFill(1752) RGA_COLORFILL fail: Invalid argument
 RgaCollorFill(1753) RGA_COLORFILL fail: Invalid argument
695 im2d_rga_impl rga_task_submit(1943): Failed to call RockChipRga interface, please use 'dmesg' command to view driver error log.
695 im2d_rga_impl rga_dump_channel_info(1418): src_channel: 
  rect[x,y,w,h] = [0, 0, 0, 0]
  image[w,h,ws,hs,f] = [0, 0, 0, 0, rgba8888]
  buffer[handle,fd,va,pa] = [0, 0, 0, 0]
  color_space = 0x0, global_alpha = 0x0, rd_mode = 0x0

696 im2d_rga_impl rga_dump_channel_info(1418): dst_channel: 
  rect[x,y,w,h] = [0, 0, 640, 640]
  image[w,h,ws,hs,f] = [640, 640, 640, 640, rgb888]
  buffer[handle,fd,va,pa] = [1744, 0, 0, 0]
  color_space = 0x0, global_alpha = 0x0, rd_mode = 0x0

696 im2d_rga_impl rga_dump_opt(1468): opt version[0x0]:

696 im2d_rga_impl rga_dump_opt(1469): set_core[0x0], priority[0]

696 im2d_rga_impl rga_dump_opt(1472): color[0x72727272] 
696 im2d_rga_impl rga_dump_opt(1481): 

696 im2d_rga_impl rga_task_submit(1952): acquir_fence[-1], release_fence_ptr[0x0], usage[0x280000]

rknn_run
[POST_BRANCH] h=20 w=20 spatial=400 stride=32 dfl=16 decode=0.022 validAdd=0 validTotal=0
[POST_BRANCH] h=40 w=40 spatial=1600 stride=16 dfl=16 decode=3.586 validAdd=0 validTotal=0
[POST_BRANCH] h=80 w=80 spatial=6400 stride=8 dfl=16 decode=9.727 validAdd=0 validTotal=0
[POST_PROFILE] decode=13.335 sort=0.000 nms=0.000 pack=0.000 total=13.430 validCount=0 resultCount=0
[YOLO11_PROFILE] preprocess=6.268 inputs_set=0.254 rknn_run=25.821 outputs_get=3.800 postprocess=13.443 outputs_release=0.012 total=49.611
scale=0.500000 dst_box=(0 140 639 499) allow_slight_change=1 _left_offset=0 _top_offset=140 padding_w=0 padding_h=280
fill dst image (x y w h)=(0 0 640 640) with color=0x72727272
 RgaCollorFill(1752) RGA_COLORFILL fail: Invalid argument
 RgaCollorFill(1753) RGA_COLORFILL fail: Invalid argument
747 im2d_rga_impl rga_task_submit(1943): Failed to call RockChipRga interface, please use 'dmesg' command to view driver error log.
747 im2d_rga_impl rga_dump_channel_info(1418): src_channel: 
  rect[x,y,w,h] = [0, 0, 0, 0]
  image[w,h,ws,hs,f] = [0, 0, 0, 0, rgba8888]
  buffer[handle,fd,va,pa] = [0, 0, 0, 0]
  color_space = 0x0, global_alpha = 0x0, rd_mode = 0x0

747 im2d_rga_impl rga_dump_channel_info(1418): dst_channel: 
  rect[x,y,w,h] = [0, 0, 640, 640]
  image[w,h,ws,hs,f] = [640, 640, 640, 640, rgb888]
  buffer[handle,fd,va,pa] = [1746, 0, 0, 0]
  color_space = 0x0, global_alpha = 0x0, rd_mode = 0x0

747 im2d_rga_impl rga_dump_opt(1468): opt version[0x0]:

747 im2d_rga_impl rga_dump_opt(1469): set_core[0x0], priority[0]

747 im2d_rga_impl rga_dump_opt(1472): color[0x72727272] 
747 im2d_rga_impl rga_dump_opt(1481): 

747 im2d_rga_impl rga_task_submit(1952): acquir_fence[-1], release_fence_ptr[0x0], usage[0x280000]

rknn_run
[POST_BRANCH] h=20 w=20 spatial=400 stride=32 dfl=16 decode=0.022 validAdd=0 validTotal=0
[POST_BRANCH] h=40 w=40 spatial=1600 stride=16 dfl=16 decode=5.082 validAdd=0 validTotal=0
[POST_BRANCH] h=80 w=80 spatial=6400 stride=8 dfl=16 decode=10.656 validAdd=0 validTotal=0
[POST_PROFILE] decode=15.761 sort=0.000 nms=0.000 pack=0.000 total=15.860 validCount=0 resultCount=0
[YOLO11_PROFILE] preprocess=6.141 inputs_set=0.250 rknn_run=23.527 outputs_get=3.817 postprocess=15.872 outputs_release=0.008 total=49.631
scale=0.500000 dst_box=(0 140 639 499) allow_slight_change=1 _left_offset=0 _top_offset=140 padding_w=0 padding_h=280
fill dst image (x y w h)=(0 0 640 640) with color=0x72727272
 RgaCollorFill(1752) RGA_COLORFILL fail: Invalid argument
 RgaCollorFill(1753) RGA_COLORFILL fail: Invalid argument
800 im2d_rga_impl rga_task_submit(1943): Failed to call RockChipRga interface, please use 'dmesg' command to view driver error log.
800 im2d_rga_impl rga_dump_channel_info(1418): src_channel: 
  rect[x,y,w,h] = [0, 0, 0, 0]
  image[w,h,ws,hs,f] = [0, 0, 0, 0, rgba8888]
  buffer[handle,fd,va,pa] = [0, 0, 0, 0]
  color_space = 0x0, global_alpha = 0x0, rd_mode = 0x0

800 im2d_rga_impl rga_dump_channel_info(1418): dst_channel: 
  rect[x,y,w,h] = [0, 0, 640, 640]
  image[w,h,ws,hs,f] = [640, 640, 640, 640, rgb888]
  buffer[handle,fd,va,pa] = [1748, 0, 0, 0]
  color_space = 0x0, global_alpha = 0x0, rd_mode = 0x0

800 im2d_rga_impl rga_dump_opt(1468): opt version[0x0]:

800 im2d_rga_impl rga_dump_opt(1469): set_core[0x0], priority[0]

800 im2d_rga_impl rga_dump_opt(1472): color[0x72727272] 
800 im2d_rga_impl rga_dump_opt(1481): 

800 im2d_rga_impl rga_task_submit(1952): acquir_fence[-1], release_fence_ptr[0x0], usage[0x280000]

rknn_run
[POST_BRANCH] h=20 w=20 spatial=400 stride=32 dfl=16 decode=0.014 validAdd=0 validTotal=0
[POST_BRANCH] h=40 w=40 spatial=1600 stride=16 dfl=16 decode=3.875 validAdd=0 validTotal=0
[POST_BRANCH] h=80 w=80 spatial=6400 stride=8 dfl=16 decode=11.301 validAdd=0 validTotal=0
[POST_PROFILE] decode=15.190 sort=0.000 nms=0.000 pack=0.000 total=15.273 validCount=0 resultCount=0
[YOLO11_PROFILE] preprocess=6.984 inputs_set=0.445 rknn_run=24.772 outputs_get=2.687 postprocess=15.285 outputs_release=0.010 total=50.199
scale=0.500000 dst_box=(0 140 639 499) allow_slight_change=1 _left_offset=0 _top_offset=140 padding_w=0 padding_h=280
fill dst image (x y w h)=(0 0 640 640) with color=0x72727272
 RgaCollorFill(1752) RGA_COLORFILL fail: Invalid argument
 RgaCollorFill(1753) RGA_COLORFILL fail: Invalid argument
853 im2d_rga_impl rga_task_submit(1943): Failed to call RockChipRga interface, please use 'dmesg' command to view driver error log.
853 im2d_rga_impl rga_dump_channel_info(1418): src_channel: 
  rect[x,y,w,h] = [0, 0, 0, 0]
  image[w,h,ws,hs,f] = [0, 0, 0, 0, rgba8888]
  buffer[handle,fd,va,pa] = [0, 0, 0, 0]
  color_space = 0x0, global_alpha = 0x0, rd_mode = 0x0

853 im2d_rga_impl rga_dump_channel_info(1418): dst_channel: 
  rect[x,y,w,h] = [0, 0, 640, 640]
  image[w,h,ws,hs,f] = [640, 640, 640, 640, rgb888]
  buffer[handle,fd,va,pa] = [1750, 0, 0, 0]
  color_space = 0x0, global_alpha = 0x0, rd_mode = 0x0

853 im2d_rga_impl rga_dump_opt(1468): opt version[0x0]:

853 im2d_rga_impl rga_dump_opt(1469): set_core[0x0], priority[0]

853 im2d_rga_impl rga_dump_opt(1472): color[0x72727272] 
853 im2d_rga_impl rga_dump_opt(1481): 

853 im2d_rga_impl rga_task_submit(1952): acquir_fence[-1], release_fence_ptr[0x0], usage[0x280000]

rknn_run
[POST_BRANCH] h=20 w=20 spatial=400 stride=32 dfl=16 decode=0.014 validAdd=0 validTotal=0
[POST_BRANCH] h=40 w=40 spatial=1600 stride=16 dfl=16 decode=3.789 validAdd=0 validTotal=0
[POST_BRANCH] h=80 w=80 spatial=6400 stride=8 dfl=16 decode=11.582 validAdd=0 validTotal=0
[POST_PROFILE] decode=15.385 sort=0.000 nms=0.000 pack=0.000 total=15.468 validCount=0 resultCount=0
[YOLO11_PROFILE] preprocess=6.647 inputs_set=0.442 rknn_run=23.818 outputs_get=2.495 postprocess=15.480 outputs_release=0.009 total=48.909
scale=0.500000 dst_box=(0 140 639 499) allow_slight_change=1 _left_offset=0 _top_offset=140 padding_w=0 padding_h=280
fill dst image (x y w h)=(0 0 640 640) with color=0x72727272
 RgaCollorFill(1752) RGA_COLORFILL fail: Invalid argument
 RgaCollorFill(1753) RGA_COLORFILL fail: Invalid argument
903 im2d_rga_impl rga_task_submit(1943): Failed to call RockChipRga interface, please use 'dmesg' command to view driver error log.
903 im2d_rga_impl rga_dump_channel_info(1418): src_channel: 
  rect[x,y,w,h] = [0, 0, 0, 0]
  image[w,h,ws,hs,f] = [0, 0, 0, 0, rgba8888]
  buffer[handle,fd,va,pa] = [0, 0, 0, 0]
  color_space = 0x0, global_alpha = 0x0, rd_mode = 0x0

903 im2d_rga_impl rga_dump_channel_info(1418): dst_channel: 
  rect[x,y,w,h] = [0, 0, 640, 640]
  image[w,h,ws,hs,f] = [640, 640, 640, 640, rgb888]
  buffer[handle,fd,va,pa] = [1752, 0, 0, 0]
  color_space = 0x0, global_alpha = 0x0, rd_mode = 0x0

903 im2d_rga_impl rga_dump_opt(1468): opt version[0x0]:

903 im2d_rga_impl rga_dump_opt(1469): set_core[0x0], priority[0]

903 im2d_rga_impl rga_dump_opt(1472): color[0x72727272] 
903 im2d_rga_impl rga_dump_opt(1481): 

903 im2d_rga_impl rga_task_submit(1952): acquir_fence[-1], release_fence_ptr[0x0], usage[0x280000]

rknn_run
[POST_BRANCH] h=20 w=20 spatial=400 stride=32 dfl=16 decode=0.011 validAdd=0 validTotal=0
[POST_BRANCH] h=40 w=40 spatial=1600 stride=16 dfl=16 decode=3.134 validAdd=0 validTotal=0
[POST_BRANCH] h=80 w=80 spatial=6400 stride=8 dfl=16 decode=11.345 validAdd=0 validTotal=0
[POST_PROFILE] decode=14.491 sort=0.000 nms=0.000 pack=0.000 total=14.555 validCount=0 resultCount=0
[YOLO11_PROFILE] preprocess=4.563 inputs_set=0.363 rknn_run=24.091 outputs_get=2.625 postprocess=14.565 outputs_release=0.006 total=46.228
scale=0.500000 dst_box=(0 140 639 499) allow_slight_change=1 _left_offset=0 _top_offset=140 padding_w=0 padding_h=280
fill dst image (x y w h)=(0 0 640 640) with color=0x72727272
 RgaCollorFill(1752) RGA_COLORFILL fail: Invalid argument
 RgaCollorFill(1753) RGA_COLORFILL fail: Invalid argument
953 im2d_rga_impl rga_task_submit(1943): Failed to call RockChipRga interface, please use 'dmesg' command to view driver error log.
953 im2d_rga_impl rga_dump_channel_info(1418): src_channel: 
  rect[x,y,w,h] = [0, 0, 0, 0]
  image[w,h,ws,hs,f] = [0, 0, 0, 0, rgba8888]
  buffer[handle,fd,va,pa] = [0, 0, 0, 0]
  color_space = 0x0, global_alpha = 0x0, rd_mode = 0x0

953 im2d_rga_impl rga_dump_channel_info(1418): dst_channel: 
  rect[x,y,w,h] = [0, 0, 640, 640]
  image[w,h,ws,hs,f] = [640, 640, 640, 640, rgb888]
  buffer[handle,fd,va,pa] = [1754, 0, 0, 0]
  color_space = 0x0, global_alpha = 0x0, rd_mode = 0x0

953 im2d_rga_impl rga_dump_opt(1468): opt version[0x0]:

953 im2d_rga_impl rga_dump_opt(1469): set_core[0x0], priority[0]

953 im2d_rga_impl rga_dump_opt(1472): color[0x72727272] 
953 im2d_rga_impl rga_dump_opt(1481): 

953 im2d_rga_impl rga_task_submit(1952): acquir_fence[-1], release_fence_ptr[0x0], usage[0x280000]

rknn_run
[POST_BRANCH] h=20 w=20 spatial=400 stride=32 dfl=16 decode=0.017 validAdd=0 validTotal=0
[POST_BRANCH] h=40 w=40 spatial=1600 stride=16 dfl=16 decode=4.806 validAdd=0 validTotal=0
[POST_BRANCH] h=80 w=80 spatial=6400 stride=8 dfl=16 decode=12.153 validAdd=0 validTotal=0
[POST_PROFILE] decode=16.976 sort=0.000 nms=0.000 pack=0.000 total=17.062 validCount=0 resultCount=0
[YOLO11_PROFILE] preprocess=5.808 inputs_set=0.326 rknn_run=21.803 outputs_get=2.955 postprocess=17.073 outputs_release=0.006 total=47.987
scale=0.500000 dst_box=(0 140 639 499) allow_slight_change=1 _left_offset=0 _top_offset=140 padding_w=0 padding_h=280
fill dst image (x y w h)=(0 0 640 640) with color=0x72727272
 RgaCollorFill(1752) RGA_COLORFILL fail: Invalid argument
 RgaCollorFill(1753) RGA_COLORFILL fail: Invalid argument
1004 im2d_rga_impl rga_task_submit(1943): Failed to call RockChipRga interface, please use 'dmesg' command to view driver error log.
1004 im2d_rga_impl rga_dump_channel_info(1418): src_channel: 
  rect[x,y,w,h] = [0, 0, 0, 0]
  image[w,h,ws,hs,f] = [0, 0, 0, 0, rgba8888]
  buffer[handle,fd,va,pa] = [0, 0, 0, 0]
  color_space = 0x0, global_alpha = 0x0, rd_mode = 0x0

1004 im2d_rga_impl rga_dump_channel_info(1418): dst_channel: 
  rect[x,y,w,h] = [0, 0, 640, 640]
  image[w,h,ws,hs,f] = [640, 640, 640, 640, rgb888]
  buffer[handle,fd,va,pa] = [1756, 0, 0, 0]
  color_space = 0x0, global_alpha = 0x0, rd_mode = 0x0

1004 im2d_rga_impl rga_dump_opt(1468): opt version[0x0]:

1004 im2d_rga_impl rga_dump_opt(1469): set_core[0x0], priority[0]

1004 im2d_rga_impl rga_dump_opt(1472): color[0x72727272] 
1004 im2d_rga_impl rga_dump_opt(1481): 

1004 im2d_rga_impl rga_task_submit(1952): acquir_fence[-1], release_fence_ptr[0x0], usage[0x280000]

rknn_run
[POST_BRANCH] h=20 w=20 spatial=400 stride=32 dfl=16 decode=0.017 validAdd=0 validTotal=0
[POST_BRANCH] h=40 w=40 spatial=1600 stride=16 dfl=16 decode=3.699 validAdd=0 validTotal=0
[POST_BRANCH] h=80 w=80 spatial=6400 stride=8 dfl=16 decode=9.583 validAdd=0 validTotal=0
[POST_PROFILE] decode=13.299 sort=0.000 nms=0.000 pack=0.000 total=13.377 validCount=0 resultCount=0
[YOLO11_PROFILE] preprocess=6.490 inputs_set=0.878 rknn_run=24.886 outputs_get=2.949 postprocess=13.388 outputs_release=0.005 total=48.613
scale=0.500000 dst_box=(0 140 639 499) allow_slight_change=1 _left_offset=0 _top_offset=140 padding_w=0 padding_h=280
fill dst image (x y w h)=(0 0 640 640) with color=0x72727272
 RgaCollorFill(1752) RGA_COLORFILL fail: Invalid argument
 RgaCollorFill(1753) RGA_COLORFILL fail: Invalid argument
1055 im2d_rga_impl rga_task_submit(1943): Failed to call RockChipRga interface, please use 'dmesg' command to view driver error log.
1055 im2d_rga_impl rga_dump_channel_info(1418): src_channel: 
  rect[x,y,w,h] = [0, 0, 0, 0]
  image[w,h,ws,hs,f] = [0, 0, 0, 0, rgba8888]
  buffer[handle,fd,va,pa] = [0, 0, 0, 0]
  color_space = 0x0, global_alpha = 0x0, rd_mode = 0x0

1056 im2d_rga_impl rga_dump_channel_info(1418): dst_channel: 
  rect[x,y,w,h] = [0, 0, 640, 640]
  image[w,h,ws,hs,f] = [640, 640, 640, 640, rgb888]
  buffer[handle,fd,va,pa] = [1758, 0, 0, 0]
  color_space = 0x0, global_alpha = 0x0, rd_mode = 0x0

1056 im2d_rga_impl rga_dump_opt(1468): opt version[0x0]:

1056 im2d_rga_impl rga_dump_opt(1469): set_core[0x0], priority[0]

1056 im2d_rga_impl rga_dump_opt(1472): color[0x72727272] 
1056 im2d_rga_impl rga_dump_opt(1481): 

1056 im2d_rga_impl rga_task_submit(1952): acquir_fence[-1], release_fence_ptr[0x0], usage[0x280000]

rknn_run
[POST_BRANCH] h=20 w=20 spatial=400 stride=32 dfl=16 decode=0.017 validAdd=0 validTotal=0
[POST_BRANCH] h=40 w=40 spatial=1600 stride=16 dfl=16 decode=3.381 validAdd=0 validTotal=0
[POST_BRANCH] h=80 w=80 spatial=6400 stride=8 dfl=16 decode=10.904 validAdd=0 validTotal=0
[POST_PROFILE] decode=14.301 sort=0.000 nms=0.000 pack=0.000 total=14.385 validCount=0 resultCount=0
[YOLO11_PROFILE] preprocess=6.962 inputs_set=0.437 rknn_run=22.987 outputs_get=2.953 postprocess=14.397 outputs_release=0.008 total=47.762
scale=0.500000 dst_box=(0 140 639 499) allow_slight_change=1 _left_offset=0 _top_offset=140 padding_w=0 padding_h=280
fill dst image (x y w h)=(0 0 640 640) with color=0x72727272
 RgaCollorFill(1752) RGA_COLORFILL fail: Invalid argument
 RgaCollorFill(1753) RGA_COLORFILL fail: Invalid argument
1105 im2d_rga_impl rga_task_submit(1943): Failed to call RockChipRga interface, please use 'dmesg' command to view driver error log.
1105 im2d_rga_impl rga_dump_channel_info(1418): src_channel: 
  rect[x,y,w,h] = [0, 0, 0, 0]
  image[w,h,ws,hs,f] = [0, 0, 0, 0, rgba8888]
  buffer[handle,fd,va,pa] = [0, 0, 0, 0]
  color_space = 0x0, global_alpha = 0x0, rd_mode = 0x0

1105 im2d_rga_impl rga_dump_channel_info(1418): dst_channel: 
  rect[x,y,w,h] = [0, 0, 640, 640]
  image[w,h,ws,hs,f] = [640, 640, 640, 640, rgb888]
  buffer[handle,fd,va,pa] = [1760, 0, 0, 0]
  color_space = 0x0, global_alpha = 0x0, rd_mode = 0x0

1105 im2d_rga_impl rga_dump_opt(1468): opt version[0x0]:

1105 im2d_rga_impl rga_dump_opt(1469): set_core[0x0], priority[0]

1105 im2d_rga_impl rga_dump_opt(1472): color[0x72727272] 
1105 im2d_rga_impl rga_dump_opt(1481): 

1105 im2d_rga_impl rga_task_submit(1952): acquir_fence[-1], release_fence_ptr[0x0], usage[0x280000]

rknn_run
[POST_BRANCH] h=20 w=20 spatial=400 stride=32 dfl=16 decode=0.014 validAdd=0 validTotal=0
[POST_BRANCH] h=40 w=40 spatial=1600 stride=16 dfl=16 decode=3.779 validAdd=0 validTotal=0
[POST_BRANCH] h=80 w=80 spatial=6400 stride=8 dfl=16 decode=14.693 validAdd=0 validTotal=0
[POST_PROFILE] decode=18.485 sort=0.000 nms=0.000 pack=0.000 total=18.559 validCount=0 resultCount=0
[YOLO11_PROFILE] preprocess=5.434 inputs_set=0.260 rknn_run=24.164 outputs_get=2.454 postprocess=18.571 outputs_release=0.009 total=50.906
scale=0.500000 dst_box=(0 140 639 499) allow_slight_change=1 _left_offset=0 _top_offset=140 padding_w=0 padding_h=280
fill dst image (x y w h)=(0 0 640 640) with color=0x72727272
 RgaCollorFill(1752) RGA_COLORFILL fail: Invalid argument
 RgaCollorFill(1753) RGA_COLORFILL fail: Invalid argument
1160 im2d_rga_impl rga_task_submit(1943): Failed to call RockChipRga interface, please use 'dmesg' command to view driver error log.
1160 im2d_rga_impl rga_dump_channel_info(1418): src_channel: 
  rect[x,y,w,h] = [0, 0, 0, 0]
  image[w,h,ws,hs,f] = [0, 0, 0, 0, rgba8888]
  buffer[handle,fd,va,pa] = [0, 0, 0, 0]
  color_space = 0x0, global_alpha = 0x0, rd_mode = 0x0

1160 im2d_rga_impl rga_dump_channel_info(1418): dst_channel: 
  rect[x,y,w,h] = [0, 0, 640, 640]
  image[w,h,ws,hs,f] = [640, 640, 640, 640, rgb888]
  buffer[handle,fd,va,pa] = [1762, 0, 0, 0]
  color_space = 0x0, global_alpha = 0x0, rd_mode = 0x0

1160 im2d_rga_impl rga_dump_opt(1468): opt version[0x0]:

1160 im2d_rga_impl rga_dump_opt(1469): set_core[0x0], priority[0]

1160 im2d_rga_impl rga_dump_opt(1472): color[0x72727272] 
1160 im2d_rga_impl rga_dump_opt(1481): 

1160 im2d_rga_impl rga_task_submit(1952): acquir_fence[-1], release_fence_ptr[0x0], usage[0x280000]

rknn_run
[POST_BRANCH] h=20 w=20 spatial=400 stride=32 dfl=16 decode=0.022 validAdd=0 validTotal=0
[POST_BRANCH] h=40 w=40 spatial=1600 stride=16 dfl=16 decode=2.924 validAdd=0 validTotal=0
[POST_BRANCH] h=80 w=80 spatial=6400 stride=8 dfl=16 decode=11.992 validAdd=0 validTotal=0
[POST_PROFILE] decode=14.938 sort=0.000 nms=0.000 pack=0.000 total=15.038 validCount=0 resultCount=0
[YOLO11_PROFILE] preprocess=7.216 inputs_set=0.504 rknn_run=23.334 outputs_get=3.791 postprocess=15.049 outputs_release=0.008 total=49.921
scale=0.500000 dst_box=(0 140 639 499) allow_slight_change=1 _left_offset=0 _top_offset=140 padding_w=0 padding_h=280
fill dst image (x y w h)=(0 0 640 640) with color=0x72727272
 RgaCollorFill(1752) RGA_COLORFILL fail: Invalid argument
 RgaCollorFill(1753) RGA_COLORFILL fail: Invalid argument
1212 im2d_rga_impl rga_task_submit(1943): Failed to call RockChipRga interface, please use 'dmesg' command to view driver error log.
1212 im2d_rga_impl rga_dump_channel_info(1418): src_channel: 
  rect[x,y,w,h] = [0, 0, 0, 0]
  image[w,h,ws,hs,f] = [0, 0, 0, 0, rgba8888]
  buffer[handle,fd,va,pa] = [0, 0, 0, 0]
  color_space = 0x0, global_alpha = 0x0, rd_mode = 0x0

1212 im2d_rga_impl rga_dump_channel_info(1418): dst_channel: 
  rect[x,y,w,h] = [0, 0, 640, 640]
  image[w,h,ws,hs,f] = [640, 640, 640, 640, rgb888]
  buffer[handle,fd,va,pa] = [1764, 0, 0, 0]
  color_space = 0x0, global_alpha = 0x0, rd_mode = 0x0

1212 im2d_rga_impl rga_dump_opt(1468): opt version[0x0]:

1212 im2d_rga_impl rga_dump_opt(1469): set_core[0x0], priority[0]

1212 im2d_rga_impl rga_dump_opt(1472): color[0x72727272] 
1212 im2d_rga_impl rga_dump_opt(1481): 

1212 im2d_rga_impl rga_task_submit(1952): acquir_fence[-1], release_fence_ptr[0x0], usage[0x280000]

rknn_run
[POST_BRANCH] h=20 w=20 spatial=400 stride=32 dfl=16 decode=0.017 validAdd=0 validTotal=0
[POST_BRANCH] h=40 w=40 spatial=1600 stride=16 dfl=16 decode=4.800 validAdd=0 validTotal=0
[POST_BRANCH] h=80 w=80 spatial=6400 stride=8 dfl=16 decode=11.656 validAdd=0 validTotal=0
[POST_PROFILE] decode=16.473 sort=0.000 nms=0.000 pack=0.000 total=16.557 validCount=0 resultCount=0
[YOLO11_PROFILE] preprocess=6.271 inputs_set=0.246 rknn_run=21.873 outputs_get=2.917 postprocess=16.568 outputs_release=0.006 total=47.896
scale=0.500000 dst_box=(0 140 639 499) allow_slight_change=1 _left_offset=0 _top_offset=140 padding_w=0 padding_h=280
fill dst image (x y w h)=(0 0 640 640) with color=0x72727272
 RgaCollorFill(1752) RGA_COLORFILL fail: Invalid argument
 RgaCollorFill(1753) RGA_COLORFILL fail: Invalid argument
1263 im2d_rga_impl rga_task_submit(1943): Failed to call RockChipRga interface, please use 'dmesg' command to view driver error log.
1263 im2d_rga_impl rga_dump_channel_info(1418): src_channel: 
  rect[x,y,w,h] = [0, 0, 0, 0]
  image[w,h,ws,hs,f] = [0, 0, 0, 0, rgba8888]
  buffer[handle,fd,va,pa] = [0, 0, 0, 0]
  color_space = 0x0, global_alpha = 0x0, rd_mode = 0x0

1263 im2d_rga_impl rga_dump_channel_info(1418): dst_channel: 
  rect[x,y,w,h] = [0, 0, 640, 640]
  image[w,h,ws,hs,f] = [640, 640, 640, 640, rgb888]
  buffer[handle,fd,va,pa] = [1766, 0, 0, 0]
  color_space = 0x0, global_alpha = 0x0, rd_mode = 0x0

1263 im2d_rga_impl rga_dump_opt(1468): opt version[0x0]:

1263 im2d_rga_impl rga_dump_opt(1469): set_core[0x0], priority[0]

1263 im2d_rga_impl rga_dump_opt(1472): color[0x72727272] 
1263 im2d_rga_impl rga_dump_opt(1481): 

1263 im2d_rga_impl rga_task_submit(1952): acquir_fence[-1], release_fence_ptr[0x0], usage[0x280000]

rknn_run
[POST_BRANCH] h=20 w=20 spatial=400 stride=32 dfl=16 decode=0.022 validAdd=0 validTotal=0
[POST_BRANCH] h=40 w=40 spatial=1600 stride=16 dfl=16 decode=3.557 validAdd=0 validTotal=0
[POST_BRANCH] h=80 w=80 spatial=6400 stride=8 dfl=16 decode=10.658 validAdd=0 validTotal=0
[POST_PROFILE] decode=14.237 sort=0.000 nms=0.000 pack=0.000 total=14.331 validCount=0 resultCount=0
[YOLO11_PROFILE] preprocess=6.872 inputs_set=0.443 rknn_run=22.725 outputs_get=3.807 postprocess=14.341 outputs_release=0.005 total=48.212
scale=0.500000 dst_box=(0 140 639 499) allow_slight_change=1 _left_offset=0 _top_offset=140 padding_w=0 padding_h=280
fill dst image (x y w h)=(0 0 640 640) with color=0x72727272
 RgaCollorFill(1752) RGA_COLORFILL fail: Invalid argument
 RgaCollorFill(1753) RGA_COLORFILL fail: Invalid argument
1314 im2d_rga_impl rga_task_submit(1943): Failed to call RockChipRga interface, please use 'dmesg' command to view driver error log.
1314 im2d_rga_impl rga_dump_channel_info(1418): src_channel: 
  rect[x,y,w,h] = [0, 0, 0, 0]
  image[w,h,ws,hs,f] = [0, 0, 0, 0, rgba8888]
  buffer[handle,fd,va,pa] = [0, 0, 0, 0]
  color_space = 0x0, global_alpha = 0x0, rd_mode = 0x0

1314 im2d_rga_impl rga_dump_channel_info(1418): dst_channel: 
  rect[x,y,w,h] = [0, 0, 640, 640]
  image[w,h,ws,hs,f] = [640, 640, 640, 640, rgb888]
  buffer[handle,fd,va,pa] = [1768, 0, 0, 0]
  color_space = 0x0, global_alpha = 0x0, rd_mode = 0x0

1314 im2d_rga_impl rga_dump_opt(1468): opt version[0x0]:

1314 im2d_rga_impl rga_dump_opt(1469): set_core[0x0], priority[0]

1314 im2d_rga_impl rga_dump_opt(1472): color[0x72727272] 
1314 im2d_rga_impl rga_dump_opt(1481): 

1314 im2d_rga_impl rga_task_submit(1952): acquir_fence[-1], release_fence_ptr[0x0], usage[0x280000]

rknn_run
[POST_BRANCH] h=20 w=20 spatial=400 stride=32 dfl=16 decode=0.011 validAdd=0 validTotal=0
[POST_BRANCH] h=40 w=40 spatial=1600 stride=16 dfl=16 decode=3.520 validAdd=0 validTotal=0
[POST_BRANCH] h=80 w=80 spatial=6400 stride=8 dfl=16 decode=13.067 validAdd=0 validTotal=0
[POST_PROFILE] decode=16.598 sort=0.000 nms=0.000 pack=0.000 total=16.676 validCount=0 resultCount=0
[YOLO11_PROFILE] preprocess=6.756 inputs_set=0.494 rknn_run=22.664 outputs_get=2.113 postprocess=16.689 outputs_release=0.017 total=48.750
scale=0.500000 dst_box=(0 140 639 499) allow_slight_change=1 _left_offset=0 _top_offset=140 padding_w=0 padding_h=280
fill dst image (x y w h)=(0 0 640 640) with color=0x72727272
 RgaCollorFill(1752) RGA_COLORFILL fail: Invalid argument
 RgaCollorFill(1753) RGA_COLORFILL fail: Invalid argument
1364 im2d_rga_impl rga_task_submit(1943): Failed to call RockChipRga interface, please use 'dmesg' command to view driver error log.
1364 im2d_rga_impl rga_dump_channel_info(1418): src_channel: 
  rect[x,y,w,h] = [0, 0, 0, 0]
  image[w,h,ws,hs,f] = [0, 0, 0, 0, rgba8888]
  buffer[handle,fd,va,pa] = [0, 0, 0, 0]
  color_space = 0x0, global_alpha = 0x0, rd_mode = 0x0

1364 im2d_rga_impl rga_dump_channel_info(1418): dst_channel: 
  rect[x,y,w,h] = [0, 0, 640, 640]
  image[w,h,ws,hs,f] = [640, 640, 640, 640, rgb888]
  buffer[handle,fd,va,pa] = [1770, 0, 0, 0]
  color_space = 0x0, global_alpha = 0x0, rd_mode = 0x0

1364 im2d_rga_impl rga_dump_opt(1468): opt version[0x0]:

1364 im2d_rga_impl rga_dump_opt(1469): set_core[0x0], priority[0]

1364 im2d_rga_impl rga_dump_opt(1472): color[0x72727272] 
1364 im2d_rga_impl rga_dump_opt(1481): 

1364 im2d_rga_impl rga_task_submit(1952): acquir_fence[-1], release_fence_ptr[0x0], usage[0x280000]

rknn_run
[POST_BRANCH] h=20 w=20 spatial=400 stride=32 dfl=16 decode=0.017 validAdd=0 validTotal=0
[POST_BRANCH] h=40 w=40 spatial=1600 stride=16 dfl=16 decode=3.584 validAdd=0 validTotal=0
[POST_BRANCH] h=80 w=80 spatial=6400 stride=8 dfl=16 decode=9.594 validAdd=0 validTotal=0
[POST_PROFILE] decode=13.194 sort=0.000 nms=0.000 pack=0.000 total=13.275 validCount=0 resultCount=0
[YOLO11_PROFILE] preprocess=5.673 inputs_set=0.457 rknn_run=21.103 outputs_get=2.526 postprocess=13.287 outputs_release=0.006 total=43.075
scale=0.500000 dst_box=(0 140 639 499) allow_slight_change=1 _left_offset=0 _top_offset=140 padding_w=0 padding_h=280
fill dst image (x y w h)=(0 0 640 640) with color=0x72727272
 RgaCollorFill(1752) RGA_COLORFILL fail: Invalid argument
 RgaCollorFill(1753) RGA_COLORFILL fail: Invalid argument
1411 im2d_rga_impl rga_task_submit(1943): Failed to call RockChipRga interface, please use 'dmesg' command to view driver error log.
1411 im2d_rga_impl rga_dump_channel_info(1418): src_channel: 
  rect[x,y,w,h] = [0, 0, 0, 0]
  image[w,h,ws,hs,f] = [0, 0, 0, 0, rgba8888]
  buffer[handle,fd,va,pa] = [0, 0, 0, 0]
  color_space = 0x0, global_alpha = 0x0, rd_mode = 0x0

1411 im2d_rga_impl rga_dump_channel_info(1418): dst_channel: 
  rect[x,y,w,h] = [0, 0, 640, 640]
  image[w,h,ws,hs,f] = [640, 640, 640, 640, rgb888]
  buffer[handle,fd,va,pa] = [1772, 0, 0, 0]
  color_space = 0x0, global_alpha = 0x0, rd_mode = 0x0

1411 im2d_rga_impl rga_dump_opt(1468): opt version[0x0]:

1411 im2d_rga_impl rga_dump_opt(1469): set_core[0x0], priority[0]

1411 im2d_rga_impl rga_dump_opt(1472): color[0x72727272] 
1411 im2d_rga_impl rga_dump_opt(1481): 

1411 im2d_rga_impl rga_task_submit(1952): acquir_fence[-1], release_fence_ptr[0x0], usage[0x280000]

rknn_run
[POST_BRANCH] h=20 w=20 spatial=400 stride=32 dfl=16 decode=0.016 validAdd=0 validTotal=0
[POST_BRANCH] h=40 w=40 spatial=1600 stride=16 dfl=16 decode=4.265 validAdd=0 validTotal=0
[POST_BRANCH] h=80 w=80 spatial=6400 stride=8 dfl=16 decode=10.619 validAdd=0 validTotal=0
[POST_PROFILE] decode=14.901 sort=0.000 nms=0.000 pack=0.000 total=14.983 validCount=0 resultCount=0
[YOLO11_PROFILE] preprocess=7.109 inputs_set=0.444 rknn_run=22.430 outputs_get=3.043 postprocess=14.994 outputs_release=0.007 total=48.043
scale=0.500000 dst_box=(0 140 639 499) allow_slight_change=1 _left_offset=0 _top_offset=140 padding_w=0 padding_h=280
fill dst image (x y w h)=(0 0 640 640) with color=0x72727272
 RgaCollorFill(1752) RGA_COLORFILL fail: Invalid argument
 RgaCollorFill(1753) RGA_COLORFILL fail: Invalid argument
1462 im2d_rga_impl rga_task_submit(1943): Failed to call RockChipRga interface, please use 'dmesg' command to view driver error log.
1462 im2d_rga_impl rga_dump_channel_info(1418): src_channel: 
  rect[x,y,w,h] = [0, 0, 0, 0]
  image[w,h,ws,hs,f] = [0, 0, 0, 0, rgba8888]
  buffer[handle,fd,va,pa] = [0, 0, 0, 0]
  color_space = 0x0, global_alpha = 0x0, rd_mode = 0x0

1462 im2d_rga_impl rga_dump_channel_info(1418): dst_channel: 
  rect[x,y,w,h] = [0, 0, 640, 640]
  image[w,h,ws,hs,f] = [640, 640, 640, 640, rgb888]
  buffer[handle,fd,va,pa] = [1774, 0, 0, 0]
  color_space = 0x0, global_alpha = 0x0, rd_mode = 0x0

1462 im2d_rga_impl rga_dump_opt(1468): opt version[0x0]:

1462 im2d_rga_impl rga_dump_opt(1469): set_core[0x0], priority[0]

1462 im2d_rga_impl rga_dump_opt(1472): color[0x72727272] 
1462 im2d_rga_impl rga_dump_opt(1481): 

1462 im2d_rga_impl rga_task_submit(1952): acquir_fence[-1], release_fence_ptr[0x0], usage[0x280000]

rknn_run
[POST_BRANCH] h=20 w=20 spatial=400 stride=32 dfl=16 decode=0.017 validAdd=0 validTotal=0
[POST_BRANCH] h=40 w=40 spatial=1600 stride=16 dfl=16 decode=4.216 validAdd=0 validTotal=0
[POST_BRANCH] h=80 w=80 spatial=6400 stride=8 dfl=16 decode=10.862 validAdd=0 validTotal=0
[POST_PROFILE] decode=15.095 sort=0.000 nms=0.000 pack=0.000 total=15.177 validCount=0 resultCount=0
[YOLO11_PROFILE] preprocess=6.935 inputs_set=0.441 rknn_run=21.849 outputs_get=3.175 postprocess=15.188 outputs_release=0.008 total=47.614
scale=0.500000 dst_box=(0 140 639 499) allow_slight_change=1 _left_offset=0 _top_offset=140 padding_w=0 padding_h=280
fill dst image (x y w h)=(0 0 640 640) with color=0x72727272
 RgaCollorFill(1752) RGA_COLORFILL fail: Invalid argument
 RgaCollorFill(1753) RGA_COLORFILL fail: Invalid argument
1511 im2d_rga_impl rga_task_submit(1943): Failed to call RockChipRga interface, please use 'dmesg' command to view driver error log.
1511 im2d_rga_impl rga_dump_channel_info(1418): src_channel: 
  rect[x,y,w,h] = [0, 0, 0, 0]
  image[w,h,ws,hs,f] = [0, 0, 0, 0, rgba8888]
  buffer[handle,fd,va,pa] = [0, 0, 0, 0]
  color_space = 0x0, global_alpha = 0x0, rd_mode = 0x0

1511 im2d_rga_impl rga_dump_channel_info(1418): dst_channel: 
  rect[x,y,w,h] = [0, 0, 640, 640]
  image[w,h,ws,hs,f] = [640, 640, 640, 640, rgb888]
  buffer[handle,fd,va,pa] = [1776, 0, 0, 0]
  color_space = 0x0, global_alpha = 0x0, rd_mode = 0x0

1511 im2d_rga_impl rga_dump_opt(1468): opt version[0x0]:

1511 im2d_rga_impl rga_dump_opt(1469): set_core[0x0], priority[0]

1511 im2d_rga_impl rga_dump_opt(1472): color[0x72727272] 
1511 im2d_rga_impl rga_dump_opt(1481): 

1511 im2d_rga_impl rga_task_submit(1952): acquir_fence[-1], release_fence_ptr[0x0], usage[0x280000]

rknn_run
[POST_BRANCH] h=20 w=20 spatial=400 stride=32 dfl=16 decode=0.014 validAdd=0 validTotal=0
[POST_BRANCH] h=40 w=40 spatial=1600 stride=16 dfl=16 decode=3.821 validAdd=0 validTotal=0
[POST_BRANCH] h=80 w=80 spatial=6400 stride=8 dfl=16 decode=12.508 validAdd=0 validTotal=0
[POST_PROFILE] decode=16.343 sort=0.000 nms=0.000 pack=0.000 total=16.420 validCount=0 resultCount=0
[YOLO11_PROFILE] preprocess=4.743 inputs_set=0.656 rknn_run=20.971 outputs_get=2.483 postprocess=16.432 outputs_release=0.008 total=45.307
scale=0.500000 dst_box=(0 140 639 499) allow_slight_change=1 _left_offset=0 _top_offset=140 padding_w=0 padding_h=280
fill dst image (x y w h)=(0 0 640 640) with color=0x72727272
 RgaCollorFill(1752) RGA_COLORFILL fail: Invalid argument
 RgaCollorFill(1753) RGA_COLORFILL fail: Invalid argument
1560 im2d_rga_impl rga_task_submit(1943): Failed to call RockChipRga interface, please use 'dmesg' command to view driver error log.
1560 im2d_rga_impl rga_dump_channel_info(1418): src_channel: 
  rect[x,y,w,h] = [0, 0, 0, 0]
  image[w,h,ws,hs,f] = [0, 0, 0, 0, rgba8888]
  buffer[handle,fd,va,pa] = [0, 0, 0, 0]
  color_space = 0x0, global_alpha = 0x0, rd_mode = 0x0

1560 im2d_rga_impl rga_dump_channel_info(1418): dst_channel: 
  rect[x,y,w,h] = [0, 0, 640, 640]
  image[w,h,ws,hs,f] = [640, 640, 640, 640, rgb888]
  buffer[handle,fd,va,pa] = [1778, 0, 0, 0]
  color_space = 0x0, global_alpha = 0x0, rd_mode = 0x0

1560 im2d_rga_impl rga_dump_opt(1468): opt version[0x0]:

1560 im2d_rga_impl rga_dump_opt(1469): set_core[0x0], priority[0]

1560 im2d_rga_impl rga_dump_opt(1472): color[0x72727272] 
1560 im2d_rga_impl rga_dump_opt(1481): 

1560 im2d_rga_impl rga_task_submit(1952): acquir_fence[-1], release_fence_ptr[0x0], usage[0x280000]

rknn_run
[POST_BRANCH] h=20 w=20 spatial=400 stride=32 dfl=16 decode=0.017 validAdd=0 validTotal=0
[POST_BRANCH] h=40 w=40 spatial=1600 stride=16 dfl=16 decode=4.740 validAdd=0 validTotal=0
[POST_BRANCH] h=80 w=80 spatial=6400 stride=8 dfl=16 decode=10.961 validAdd=0 validTotal=0
[POST_PROFILE] decode=15.718 sort=0.000 nms=0.000 pack=0.000 total=15.809 validCount=0 resultCount=0
[YOLO11_PROFILE] preprocess=6.240 inputs_set=0.239 rknn_run=21.913 outputs_get=2.877 postprocess=15.856 outputs_release=0.010 total=47.150
scale=0.500000 dst_box=(0 140 639 499) allow_slight_change=1 _left_offset=0 _top_offset=140 padding_w=0 padding_h=280
fill dst image (x y w h)=(0 0 640 640) with color=0x72727272
 RgaCollorFill(1752) RGA_COLORFILL fail: Invalid argument
 RgaCollorFill(1753) RGA_COLORFILL fail: Invalid argument
1610 im2d_rga_impl rga_task_submit(1943): Failed to call RockChipRga interface, please use 'dmesg' command to view driver error log.
1610 im2d_rga_impl rga_dump_channel_info(1418): src_channel: 
  rect[x,y,w,h] = [0, 0, 0, 0]
  image[w,h,ws,hs,f] = [0, 0, 0, 0, rgba8888]
  buffer[handle,fd,va,pa] = [0, 0, 0, 0]
  color_space = 0x0, global_alpha = 0x0, rd_mode = 0x0

1610 im2d_rga_impl rga_dump_channel_info(1418): dst_channel: 
  rect[x,y,w,h] = [0, 0, 640, 640]
  image[w,h,ws,hs,f] = [640, 640, 640, 640, rgb888]
  buffer[handle,fd,va,pa] = [1780, 0, 0, 0]
  color_space = 0x0, global_alpha = 0x0, rd_mode = 0x0

1610 im2d_rga_impl rga_dump_opt(1468): opt version[0x0]:

1610 im2d_rga_impl rga_dump_opt(1469): set_core[0x0], priority[0]

1610 im2d_rga_impl rga_dump_opt(1472): color[0x72727272] 
1610 im2d_rga_impl rga_dump_opt(1481): 

1610 im2d_rga_impl rga_task_submit(1952): acquir_fence[-1], release_fence_ptr[0x0], usage[0x280000]

rknn_run
[POST_BRANCH] h=20 w=20 spatial=400 stride=32 dfl=16 decode=0.022 validAdd=0 validTotal=0
[POST_BRANCH] h=40 w=40 spatial=1600 stride=16 dfl=16 decode=5.503 validAdd=0 validTotal=0
[POST_BRANCH] h=80 w=80 spatial=6400 stride=8 dfl=16 decode=9.668 validAdd=0 validTotal=0
[POST_PROFILE] decode=15.193 sort=0.000 nms=0.000 pack=0.000 total=15.285 validCount=0 resultCount=0
[YOLO11_PROFILE] preprocess=6.985 inputs_set=0.459 rknn_run=24.060 outputs_get=5.004 postprocess=15.297 outputs_release=0.007 total=51.828
scale=0.500000 dst_box=(0 140 639 499) allow_slight_change=1 _left_offset=0 _top_offset=140 padding_w=0 padding_h=280
fill dst image (x y w h)=(0 0 640 640) with color=0x72727272
 RgaCollorFill(1752) RGA_COLORFILL fail: Invalid argument
 RgaCollorFill(1753) RGA_COLORFILL fail: Invalid argument
1664 im2d_rga_impl rga_task_submit(1943): Failed to call RockChipRga interface, please use 'dmesg' command to view driver error log.
1664 im2d_rga_impl rga_dump_channel_info(1418): src_channel: 
  rect[x,y,w,h] = [0, 0, 0, 0]
  image[w,h,ws,hs,f] = [0, 0, 0, 0, rgba8888]
  buffer[handle,fd,va,pa] = [0, 0, 0, 0]
  color_space = 0x0, global_alpha = 0x0, rd_mode = 0x0

1664 im2d_rga_impl rga_dump_channel_info(1418): dst_channel: 
  rect[x,y,w,h] = [0, 0, 640, 640]
  image[w,h,ws,hs,f] = [640, 640, 640, 640, rgb888]
  buffer[handle,fd,va,pa] = [1782, 0, 0, 0]
  color_space = 0x0, global_alpha = 0x0, rd_mode = 0x0

1664 im2d_rga_impl rga_dump_opt(1468): opt version[0x0]:

1664 im2d_rga_impl rga_dump_opt(1469): set_core[0x0], priority[0]

1664 im2d_rga_impl rga_dump_opt(1472): color[0x72727272] 
1664 im2d_rga_impl rga_dump_opt(1481): 

1664 im2d_rga_impl rga_task_submit(1952): acquir_fence[-1], release_fence_ptr[0x0], usage[0x280000]

rknn_run
[POST_BRANCH] h=20 w=20 spatial=400 stride=32 dfl=16 decode=0.008 validAdd=0 validTotal=0
[POST_BRANCH] h=40 w=40 spatial=1600 stride=16 dfl=16 decode=2.082 validAdd=0 validTotal=0
[POST_BRANCH] h=80 w=80 spatial=6400 stride=8 dfl=16 decode=15.628 validAdd=0 validTotal=0
[POST_PROFILE] decode=17.719 sort=0.000 nms=0.000 pack=0.000 total=17.777 validCount=0 resultCount=0
[YOLO11_PROFILE] preprocess=5.201 inputs_set=0.377 rknn_run=20.028 outputs_get=1.554 postprocess=17.789 outputs_release=0.008 total=44.972

========== 06 avg ==========
frames          : 30
select_ms       : 1.578
dqbuf_ms        : 0.005
rga_ms          : 2.644
input_prepare_ms: 0.002
model_total_ms  : 47.876
draw_ms         : 0.034
snapshot_ms     : 0.836
qbuf_ms         : 0.080
total_ms        : 53.060
avg_fps         : 18.847
============================

========== 06 final ==========
frames       : 30
wall_time_ms : 1593.096
wall_fps     : 18.831
avg_select_ms       : 1.578
avg_dqbuf_ms        : 0.005
avg_rga_ms          : 2.644
avg_input_prepare_ms: 0.002
avg_model_total_ms  : 47.876
avg_draw_ms         : 0.034
avg_snapshot_ms     : 0.836
avg_qbuf_ms         : 0.080
avg_total_ms        : 53.060
csv saved: output/exp07_branch_decode_profile/profile_branch_decode.csv
================================
